This is pdfTeX, Version 3.1415926-2.3-1.40.12 (MiKTeX 2.9) (preloaded format=pdflatex 2012.9.8)  16 OCT 2012 12:53
entering extended mode
**lab1.tex
(D:\other\kpi\CA\Lab1\lab1.tex
LaTeX2e <2011/06/27>
Babel <v3.8m> and hyphenation patterns for english, afrikaans, ancientgreek, ar
abic, armenian, assamese, basque, bengali, bokmal, bulgarian, catalan, coptic, 
croatian, czech, danish, dutch, esperanto, estonian, farsi, finnish, french, ga
lician, german, german-x-2009-06-19, greek, gujarati, hindi, hungarian, iceland
ic, indonesian, interlingua, irish, italian, kannada, kurmanji, lao, latin, lat
vian, lithuanian, malayalam, marathi, mongolian, mongolianlmc, monogreek, ngerm
an, ngerman-x-2009-06-19, nynorsk, oriya, panjabi, pinyin, polish, portuguese, 
romanian, russian, sanskrit, serbian, slovak, slovenian, spanish, swedish, swis
sgerman, tamil, telugu, turkish, turkmen, ukenglish, ukrainian, uppersorbian, u
senglishmax, welsh, loaded.
(D:\bin\MiKTeX\tex\latex\base\article.cls
Document Class: article 2007/10/19 v1.4h Standard LaTeX document class
(D:\bin\MiKTeX\tex\latex\base\size10.clo
File: size10.clo 2007/10/19 v1.4h Standard LaTeX file (size option)
)
\c@part=\count79
\c@section=\count80
\c@subsection=\count81
\c@subsubsection=\count82
\c@paragraph=\count83
\c@subparagraph=\count84
\c@figure=\count85
\c@table=\count86
\abovecaptionskip=\skip41
\belowcaptionskip=\skip42
\bibindent=\dimen102
)
(D:\bin\MiKTeX\tex\latex\base\inputenc.sty
Package: inputenc 2008/03/30 v1.1d Input encoding file
\inpenc@prehook=\toks14
\inpenc@posthook=\toks15

(D:\bin\MiKTeX\tex\latex\ucs\utf8x.def
File: utf8x.def 2004/10/17 UCS: Input encoding UTF-8
)) (D:\bin\MiKTeX\tex\latex\ucs\ucs.sty
Package: ucs 2004/10/17 UCS: Unicode input support

(D:\bin\MiKTeX\tex\latex\ucs\data\uni-global.def
File: uni-global.def 2012/08/28 UCS: Unicode global data
)
\uc@secondtry=\count87
\uc@combtoks=\toks16
\uc@combtoksb=\toks17
\uc@temptokena=\toks18
)
(D:\bin\MiKTeX\tex\generic\babel\babel.sty
Package: babel 2008/07/08 v3.8m The Babel package

*************************************
* Local config file bblopts.cfg used
*
(D:\bin\MiKTeX\tex\latex\00miktex\bblopts.cfg
File: bblopts.cfg 2006/07/31 v1.0 MiKTeX 'babel' configuration
)
(D:\bin\MiKTeX\tex\generic\babel\english.ldf
Language: english 2005/03/30 v3.3o English support from the babel system

(D:\bin\MiKTeX\tex\generic\babel\babel.def
File: babel.def 2008/07/08 v3.8m Babel common definitions
\babel@savecnt=\count88
\U@D=\dimen103
)
\l@canadian = a dialect from \language\l@american 
\l@australian = a dialect from \language\l@british 
\l@newzealand = a dialect from \language\l@british 
)
(D:\bin\MiKTeX\tex\generic\babel\russianb.ldf
Language: russianb 2008/03/21 v1.1r Russian support from the babel system

(D:\bin\MiKTeX\tex\latex\cyrillic\t2aenc.def
File: t2aenc.def 2005/09/27 v1.0i Cyrillic encoding definition file
)
Package babel Info: Making " an active character on input line 199.
)
(D:\bin\MiKTeX\tex\generic\babel\ukraineb.ldf
Language: ukraineb 2008/03/21 v1.1l Ukrainian support from the babel system
LaTeX Info: Redefining \English on input line 102.
LaTeX Info: Redefining \textcyrillic on input line 138.
LaTeX Info: Redefining \No on input line 299.
))
(D:\bin\MiKTeX\tex\latex\cmap\cmap.sty
Package: cmap 2008/03/06 v1.0h CMap support: searchable PDF
)
(D:\bin\MiKTeX\tex\latex\graphics\graphicx.sty
Package: graphicx 1999/02/16 v1.0f Enhanced LaTeX Graphics (DPC,SPQR)

(D:\bin\MiKTeX\tex\latex\graphics\keyval.sty
Package: keyval 1999/03/16 v1.13 key=value parser (DPC)
\KV@toks@=\toks19
)
(D:\bin\MiKTeX\tex\latex\graphics\graphics.sty
Package: graphics 2009/02/05 v1.0o Standard LaTeX Graphics (DPC,SPQR)

(D:\bin\MiKTeX\tex\latex\graphics\trig.sty
Package: trig 1999/03/16 v1.09 sin cos tan (DPC)
)
(D:\bin\MiKTeX\tex\latex\00miktex\graphics.cfg
File: graphics.cfg 2007/01/18 v1.5 graphics configuration of teTeX/TeXLive
)
Package graphics Info: Driver file: pdftex.def on input line 91.

(D:\bin\MiKTeX\tex\latex\pdftex-def\pdftex.def
File: pdftex.def 2011/05/27 v0.06d Graphics/color for pdfTeX

(D:\bin\MiKTeX\tex\generic\oberdiek\infwarerr.sty
Package: infwarerr 2010/04/08 v1.3 Providing info/warning/error messages (HO)
)
(D:\bin\MiKTeX\tex\generic\oberdiek\ltxcmds.sty
Package: ltxcmds 2011/11/09 v1.22 LaTeX kernel commands for general use (HO)
)
\Gread@gobject=\count89
))
\Gin@req@height=\dimen104
\Gin@req@width=\dimen105
)
(D:\bin\MiKTeX\tex\latex\float\float.sty
Package: float 2001/11/08 v1.3d Float enhancements (AL)
\c@float@type=\count90
\float@exts=\toks20
\float@box=\box26
\@float@everytoks=\toks21
\@floatcapt=\box27
)
(D:\bin\MiKTeX\tex\latex\tools\multicol.sty
Package: multicol 2011/06/27 v1.7a multicolumn formatting (FMi)
\c@tracingmulticols=\count91
\mult@box=\box28
\multicol@leftmargin=\dimen106
\c@unbalance=\count92
\c@collectmore=\count93
\doublecol@number=\count94
\multicoltolerance=\count95
\multicolpretolerance=\count96
\full@width=\dimen107
\page@free=\dimen108
\premulticols=\dimen109
\postmulticols=\dimen110
\multicolsep=\skip43
\multicolbaselineskip=\skip44
\partial@page=\box29
\last@line=\box30
\mult@rightbox=\box31
\mult@grightbox=\box32
\mult@gfirstbox=\box33
\mult@firstbox=\box34
\@tempa=\box35
\@tempa=\box36
\@tempa=\box37
\@tempa=\box38
\@tempa=\box39
\@tempa=\box40
\@tempa=\box41
\@tempa=\box42
\@tempa=\box43
\@tempa=\box44
\@tempa=\box45
\@tempa=\box46
\@tempa=\box47
\@tempa=\box48
\@tempa=\box49
\@tempa=\box50
\@tempa=\box51
\c@columnbadness=\count97
\c@finalcolumnbadness=\count98
\last@try=\dimen111
\multicolovershoot=\dimen112
\multicolundershoot=\dimen113
\mult@nat@firstbox=\box52
\colbreak@box=\box53
\multicol@sort@counter=\count99
)
(D:\bin\MiKTeX\tex\latex\multirow\multirow.sty
\bigstrutjot=\dimen114
)
(D:\bin\MiKTeX\tex\latex\ams\math\amsmath.sty
Package: amsmath 2000/07/18 v2.13 AMS math features
\@mathmargin=\skip45

For additional information on amsmath, use the `?' option.
(D:\bin\MiKTeX\tex\latex\ams\math\amstext.sty
Package: amstext 2000/06/29 v2.01

(D:\bin\MiKTeX\tex\latex\ams\math\amsgen.sty
File: amsgen.sty 1999/11/30 v2.0
\@emptytoks=\toks22
\ex@=\dimen115
))
(D:\bin\MiKTeX\tex\latex\ams\math\amsbsy.sty
Package: amsbsy 1999/11/29 v1.2d
\pmbraise@=\dimen116
)
(D:\bin\MiKTeX\tex\latex\ams\math\amsopn.sty
Package: amsopn 1999/12/14 v2.01 operator names
)
\inf@bad=\count100
LaTeX Info: Redefining \frac on input line 211.
\uproot@=\count101
\leftroot@=\count102
LaTeX Info: Redefining \overline on input line 307.
\classnum@=\count103
\DOTSCASE@=\count104
LaTeX Info: Redefining \ldots on input line 379.
LaTeX Info: Redefining \dots on input line 382.
LaTeX Info: Redefining \cdots on input line 467.
\Mathstrutbox@=\box54
\strutbox@=\box55
\big@size=\dimen117
LaTeX Font Info:    Redeclaring font encoding OML on input line 567.
LaTeX Font Info:    Redeclaring font encoding OMS on input line 568.
\macc@depth=\count105
\c@MaxMatrixCols=\count106
\dotsspace@=\muskip10
\c@parentequation=\count107
\dspbrk@lvl=\count108
\tag@help=\toks23
\row@=\count109
\column@=\count110
\maxfields@=\count111
\andhelp@=\toks24
\eqnshift@=\dimen118
\alignsep@=\dimen119
\tagshift@=\dimen120
\tagwidth@=\dimen121
\totwidth@=\dimen122
\lineht@=\dimen123
\@envbody=\toks25
\multlinegap=\skip46
\multlinetaggap=\skip47
\mathdisplay@stack=\toks26
LaTeX Info: Redefining \[ on input line 2666.
LaTeX Info: Redefining \] on input line 2667.
)
(D:\bin\MiKTeX\tex\latex\geometry\geometry.sty
Package: geometry 2010/09/12 v5.6 Page Geometry

(D:\bin\MiKTeX\tex\generic\oberdiek\ifpdf.sty
Package: ifpdf 2011/01/30 v2.3 Provides the ifpdf switch (HO)
Package ifpdf Info: pdfTeX in PDF mode is detected.
)
(D:\bin\MiKTeX\tex\generic\oberdiek\ifvtex.sty
Package: ifvtex 2010/03/01 v1.5 Detect VTeX and its facilities (HO)
Package ifvtex Info: VTeX not detected.
)
(D:\bin\MiKTeX\tex\generic\ifxetex\ifxetex.sty
Package: ifxetex 2010/09/12 v0.6 Provides ifxetex conditional
)
\Gm@cnth=\count112
\Gm@cntv=\count113
\c@Gm@tempcnt=\count114
\Gm@bindingoffset=\dimen124
\Gm@wd@mp=\dimen125
\Gm@odd@mp=\dimen126
\Gm@even@mp=\dimen127
\Gm@layoutwidth=\dimen128
\Gm@layoutheight=\dimen129
\Gm@layouthoffset=\dimen130
\Gm@layoutvoffset=\dimen131
\Gm@dimlist=\toks27

(D:\bin\MiKTeX\tex\latex\geometry\geometry.cfg)) (D:\other\kpi\CA\Lab1\lab1.aux
LaTeX Font Info:    Try loading font information for T2A+cmr on input line 3.
(D:\bin\MiKTeX\tex\latex\cyrillic\t2acmr.fd
File: t2acmr.fd 2001/08/11 v1.0a Computer Modern Cyrillic font definitions
)<<t2a.cmap>>)
LaTeX Font Info:    Checking defaults for OML/cmm/m/it on input line 19.
LaTeX Font Info:    ... okay on input line 19.
LaTeX Font Info:    Checking defaults for T1/cmr/m/n on input line 19.
LaTeX Font Info:    ... okay on input line 19.
LaTeX Font Info:    Checking defaults for OT1/cmr/m/n on input line 19.
LaTeX Font Info:    ... okay on input line 19.
LaTeX Font Info:    Checking defaults for OMS/cmsy/m/n on input line 19.
LaTeX Font Info:    ... okay on input line 19.
LaTeX Font Info:    Checking defaults for OMX/cmex/m/n on input line 19.
LaTeX Font Info:    ... okay on input line 19.
LaTeX Font Info:    Checking defaults for U/cmr/m/n on input line 19.
LaTeX Font Info:    ... okay on input line 19.
LaTeX Font Info:    Checking defaults for T2A/cmr/m/n on input line 19.
LaTeX Font Info:    ... okay on input line 19.

(D:\bin\MiKTeX\tex\latex\ucs\ucsencs.def
File: ucsencs.def 2011/01/21 Fixes to fontencodings LGR, T3
)
(D:\bin\MiKTeX\tex\context\base\supp-pdf.mkii
[Loading MPS to PDF converter (version 2006.09.02).]
\scratchcounter=\count115
\scratchdimen=\dimen132
\scratchbox=\box56
\nofMPsegments=\count116
\nofMParguments=\count117
\everyMPshowfont=\toks28
\MPscratchCnt=\count118
\MPscratchDim=\dimen133
\MPnumerator=\count119
\makeMPintoPDFobject=\count120
\everyMPtoPDFconversion=\toks29
)
*geometry* driver: auto-detecting
*geometry* detected driver: pdftex
*geometry* verbose mode - [ preamble ] result:
* driver: pdftex
* paper: a4paper
* layout: <same size as paper>
* layoutoffset:(h,v)=(0.0pt,0.0pt)
* modes: 
* h-part:(L,W,R)=(85.35826pt, 469.47049pt, 42.67912pt)
* v-part:(T,H,B)=(56.9055pt, 731.23584pt, 56.9055pt)
* \paperwidth=597.50787pt
* \paperheight=845.04684pt
* \textwidth=469.47049pt
* \textheight=731.23584pt
* \oddsidemargin=13.08827pt
* \evensidemargin=13.08827pt
* \topmargin=-52.36449pt
* \headheight=12.0pt
* \headsep=25.0pt
* \topskip=10.0pt
* \footskip=30.0pt
* \marginparwidth=57.0pt
* \marginparsep=11.0pt
* \columnsep=10.0pt
* \skip\footins=9.0pt plus 4.0pt minus 2.0pt
* \hoffset=0.0pt
* \voffset=0.0pt
* \mag=1000
* \@twocolumnfalse
* \@twosidefalse
* \@mparswitchfalse
* \@reversemarginfalse
* (1in=72.27pt=25.4mm, 1cm=28.453pt)

(D:\bin\MiKTeX\tex\latex\ucs\data\uni-4.def
File: uni-4.def 2012/08/28 UCS: Unicode data U+0400..U+04FF
)
(D:\bin\MiKTeX\tex\latex\ucs\data\uni-32.def
File: uni-32.def 2012/08/28 UCS: Unicode data U+2000..U+20FF
)
(D:\bin\MiKTeX\tex\latex\ucs\data\uni-33.def
File: uni-33.def 2012/08/28 UCS: Unicode data U+2100..U+21FF
)<<ot1.cmap>><<oml.cmap>><<oms.cmap>><<omx.cmap>> [1

{C:/ProgramData/MiKTeX/2.9/pdftex/config/pdftex.map}]
Overfull \hbox (27.58093pt too wide) in paragraph at lines 85--86
[]\T2A/cmr/m/n/10 Для ко-жноЁ опе-ра-цiЁ бу-ду-№-ться опе-ра-цiй-на схе-ма та ф
ун-кцiо-наль-ний мi-кро-ал-го-ритм (Ф--мiкроалгоритм).
 []

[1] <od.png, id=21, 436.45412pt x 681.6053pt>
File: od.png Graphic file (type png)
 <use od.png>
Package pdftex.def Info: od.png used on input line 109.
(pdftex.def)             Requested size: 218.22652pt x 340.80182pt.

<f_alg.png, id=22, 606.50117pt x 1136.48117pt>
File: f_alg.png Graphic file (type png)
 <use f_alg.png>
Package pdftex.def Info: f_alg.png used on input line 116.
(pdftex.def)             Requested size: 151.62492pt x 284.1196pt.
 [2 <D:/other/kpi/CA/Lab1/od.png>] <fs.png, id=26, 623.50589pt x 797.80412pt>
File: fs.png Graphic file (type png)
 <use fs.png>
Package pdftex.def Info: fs.png used on input line 169.
(pdftex.def)             Requested size: 311.75218pt x 398.90108pt.

[3 <D:/other/kpi/CA/Lab1/f_alg.png>]
<od_circ.png, id=30, 598.235pt x 451.6875pt>
File: od_circ.png Graphic file (type png)
 <use od_circ.png>
Package pdftex.def Info: od_circ.png used on input line 176.
(pdftex.def)             Requested size: 299.11676pt x 225.84319pt.

<fs_alg.png, id=31, 796.38705pt x 1136.48117pt>
File: fs_alg.png Graphic file (type png)
 <use fs_alg.png>
Package pdftex.def Info: fs_alg.png used on input line 184.
(pdftex.def)             Requested size: 199.09627pt x 284.1196pt.
 [4 <D:/other/kpi/CA/Lab1/fs.png> <D:/other/kpi/CA/Lab1/od_circ.png (PNG copy)>
]
<fsz_alg.png, id=35, 871.49118pt x 1136.48117pt>
File: fsz_alg.png Graphic file (type png)
 <use fsz_alg.png>
Package pdftex.def Info: fsz_alg.png used on input line 227.
(pdftex.def)             Requested size: 217.87225pt x 284.1196pt.
 [5 <D:/other/kpi/CA/Lab1/fs_alg.png>] <general.png, id=40, 681.6053pt x 342.92
824pt>
File: general.png Graphic file (type png)

<use general.png>
Package pdftex.def Info: general.png used on input line 234.
(pdftex.def)             Requested size: 340.80182pt x 171.46368pt.
 <states.png, id=41, 649.01294pt x 940.92706pt>
File: states.png Graphic file (type png)

<use states.png>
Package pdftex.def Info: states.png used on input line 241.
(pdftex.def)             Requested size: 324.50568pt x 470.46237pt.
 [6 <D:/other/kpi/CA/Lab1/fsz_alg.png> <D:/other/kpi/CA/Lab1/general.png>]
Overfull \hbox (5.26602pt too wide) in paragraph at lines 274--309
 [][] 
 []

[7 <D:/other/kpi/CA/Lab1/states.png>]
<cu.png, id=49, 627.34375pt x 1013.7875pt>
File: cu.png Graphic file (type png)
 <use cu.png>
Package pdftex.def Info: cu.png used on input line 329.
(pdftex.def)             Requested size: 313.6711pt x 506.89252pt.
 [8]
<lab1.png, id=56, 1365.1pt x 1190.4475pt>
File: lab1.png Graphic file (type png)
 <use lab1.png>
Package pdftex.def Info: lab1.png used on input line 336.
(pdftex.def)             Requested size: 546.03033pt x 476.17056pt.

Overfull \hbox (6.70007pt too wide) in paragraph at lines 336--337
 [] 
 []

[9 <D:/other/kpi/CA/Lab1/cu.png (PNG copy)>]

LaTeX Warning: `!h' float specifier changed to `!ht'.

[10 <D:/other/kpi/CA/Lab1/lab1.png (PNG copy)>] [11]
(D:\other\kpi\CA\Lab1\lab1.aux) ) 
Here is how much of TeX's memory you used:
 4819 strings out of 494045
 59366 string characters out of 3154024
 161153 words of memory out of 3000000
 8003 multiletter control sequences out of 15000+200000
 11214 words of font info for 30 fonts, out of 3000000 for 9000
 715 hyphenation exceptions out of 8191
 27i,9n,24p,752b,663s stack positions out of 5000i,500n,10000p,200000b,50000s
 <C:\Users\Aquirel\AppData\Local\MiKTeX\2.9\fo
nts\pk\ljfour\lh\lh-t2a\dpi600\larm0900.pk> <C:\Users\Aquirel\AppData\Local\MiK
TeX\2.9\fonts\pk\ljfour\lh\lh-t2a\dpi600\labx1440.pk> <C:\Users\Aquirel\AppData
\Local\MiKTeX\2.9\fonts\pk\ljfour\lh\lh-t2a\dpi600\larm1000.pk> <C:\Users\Aquir
el\AppData\Local\MiKTeX\2.9\fonts\pk\ljfour\lh\lh-t2a\dpi600\labx1200.pk> <C:\U
sers\Aquirel\AppData\Local\MiKTeX\2.9\fonts\pk\ljfour\unknown\unknown\dpi600\la
rm1200.pk><D:/bin/MiKTeX/fonts/type1/public/amsfonts/cm/cmmi10.pfb><D:/bin/MiKT
eX/fonts/type1/public/amsfonts/cm/cmmi7.pfb><D:/bin/MiKTeX/fonts/type1/public/a
msfonts/cm/cmmi9.pfb><D:/bin/MiKTeX/fonts/type1/public/amsfonts/cm/cmr10.pfb><D
:/bin/MiKTeX/fonts/type1/public/amsfonts/cm/cmr6.pfb><D:/bin/MiKTeX/fonts/type1
/public/amsfonts/cm/cmr7.pfb><D:/bin/MiKTeX/fonts/type1/public/amsfonts/cm/cmsy
10.pfb>
Output written on lab1.pdf (12 pages, 301515 bytes).
PDF statistics:
 326 PDF objects out of 1000 (max. 8388607)
 0 named destinations out of 1000 (max. 500000)
 71 words of extra memory for PDF output out of 10000 (max. 10000000)

