Build started 24.03.2011 0:28:37.
     1>Project "J:\lab1\lab1_allocator\lab1_allocator\lab1_allocator.vcxproj" on node 2 (build target(s)).
     1>InitializeBuildStatus:
         Creating "Debug\lab1_allocator.unsuccessfulbuild" because "AlwaysCreate" was specified.
       ClCompile:
         C:\Program Files (x86)\Microsoft Visual Studio 10.0\VC\bin\CL.exe /c /ZI /nologo /W3 /WX- /Od /Oy- /D _MBCS /Gm /EHsc /RTC1 /MDd /GS /fp:precise /Zc:wchar_t /Zc:forScope /Fo"Debug\\" /Fd"Debug\vc100.pdb" /Gd /TP /analyze- /errorReport:prompt main.cpp memory.cpp
         memory.cpp
         main.cpp
         Generating Code...
       Link:
         C:\Program Files (x86)\Microsoft Visual Studio 10.0\VC\bin\link.exe /ERRORREPORT:PROMPT /OUT:"J:\lab1\lab1_allocator\Debug\lab1_allocator.exe" /NOLOGO kernel32.lib user32.lib gdi32.lib winspool.lib comdlg32.lib advapi32.lib shell32.lib ole32.lib oleaut32.lib uuid.lib odbc32.lib odbccp32.lib /MANIFEST /ManifestFile:"Debug\lab1_allocator.exe.intermediate.manifest" /MANIFESTUAC:"level='asInvoker' uiAccess='false'" /DEBUG /PDB:"J:\lab1\lab1_allocator\Debug\lab1_allocator.pdb" /TLBID:1 /DYNAMICBASE /NXCOMPAT /IMPLIB:"J:\lab1\lab1_allocator\Debug\lab1_allocator.lib" /MACHINE:X86 Debug\main.obj
         Debug\memory.obj
         LINK : J:\lab1\lab1_allocator\Debug\lab1_allocator.exe not found or not built by the last incremental link; performing full link
         lab1_allocator.vcxproj -> J:\lab1\lab1_allocator\Debug\lab1_allocator.exe
       Manifest:
         C:\Program Files (x86)\Microsoft SDKs\Windows\v7.0A\bin\mt.exe /nologo /verbose /outputresource:"J:\lab1\lab1_allocator\Debug\lab1_allocator.exe;#1" /manifest Debug\lab1_allocator.exe.intermediate.manifest
       FinalizeBuildStatus:
         Deleting file "Debug\lab1_allocator.unsuccessfulbuild".
         Touching "Debug\lab1_allocator.lastbuildstate".
     1>Done Building Project "J:\lab1\lab1_allocator\lab1_allocator\lab1_allocator.vcxproj" (build target(s)).

Build succeeded.

Time Elapsed 00:00:11.52
