C:\USERS\DREKO\DESKTOP\LABS\Уроки С++\1\Проект6\Проект6\DEBUG\MAIN.OBJ
C:\USERS\DREKO\DESKTOP\LABS\УРОКИ С++\1\ПРОЕКТ6\ПРОЕКТ6\DEBUG\VC110.PDB
C:\Users\Dreko\Desktop\labs\Уроки С++\1\Проект6\Debug\lab4.lib
C:\Users\Dreko\Desktop\labs\Уроки С++\1\Проект6\Debug\lab4.exp
C:\USERS\DREKO\DESKTOP\LABS\Уроки С++\1\Проект6\DEBUG\LAB4.ILK
C:\USERS\DREKO\DESKTOP\LABS\Уроки С++\1\Проект6\DEBUG\LAB4.EXE
C:\USERS\DREKO\DESKTOP\LABS\УРОКИ С++\1\ПРОЕКТ6\DEBUG\LAB4.PDB
C:\Users\Dreko\Desktop\labs\Уроки С++\1\lab4\Проект6\Debug\main.obj
C:\Users\Dreko\Desktop\labs\Уроки С++\1\lab4\Проект6\Debug\cl.command.1.tlog
C:\Users\Dreko\Desktop\labs\Уроки С++\1\lab4\Проект6\Debug\CL.read.1.tlog
C:\Users\Dreko\Desktop\labs\Уроки С++\1\lab4\Проект6\Debug\CL.write.1.tlog
C:\Users\Dreko\Desktop\labs\Уроки С++\1\lab4\Проект6\Debug\lab4.write.1.tlog
C:\Users\Dreko\Desktop\labs\Уроки С++\1\lab4\Проект6\Debug\link-cvtres.read.1.tlog
C:\Users\Dreko\Desktop\labs\Уроки С++\1\lab4\Проект6\Debug\link-cvtres.write.1.tlog
C:\Users\Dreko\Desktop\labs\Уроки С++\1\lab4\Проект6\Debug\link-rc.read.1.tlog
C:\Users\Dreko\Desktop\labs\Уроки С++\1\lab4\Проект6\Debug\link-rc.write.1.tlog
C:\Users\Dreko\Desktop\labs\Уроки С++\1\lab4\Проект6\Debug\link.command.1.tlog
C:\Users\Dreko\Desktop\labs\Уроки С++\1\lab4\Проект6\Debug\link.read.1.tlog
C:\Users\Dreko\Desktop\labs\Уроки С++\1\lab4\Проект6\Debug\link.write.1.tlog
C:\Users\Dreko\Desktop\labs\Уроки С++\1\lab4\Проект6\Debug\vc110.idb
C:\Users\Dreko\Desktop\labs\Уроки С++\1\lab4\Проект6\Debug\vc110.pdb
C:\Users\Dreko\Desktop\labs\Уроки С++\1\lab4\Debug\lab4.pdb
C:\Users\Dreko\Desktop\labs\Уроки С++\1\lab4\Debug\lab4.exe
C:\Users\Dreko\Desktop\labs\Уроки С++\1\lab4\Debug\lab4.ilk
