This is pdfTeX, Version 3.1415926-2.3-1.40.12 (MiKTeX 2.9) (preloaded format=pdflatex 2012.9.8)  1 NOV 2012 06:44
entering extended mode
**lab2.tex
(D:\other\kpi\CA\Lab2\lab2.tex
LaTeX2e <2011/06/27>
Babel <v3.8m> and hyphenation patterns for english, afrikaans, ancientgreek, ar
abic, armenian, assamese, basque, bengali, bokmal, bulgarian, catalan, coptic, 
croatian, czech, danish, dutch, esperanto, estonian, farsi, finnish, french, ga
lician, german, german-x-2009-06-19, greek, gujarati, hindi, hungarian, iceland
ic, indonesian, interlingua, irish, italian, kannada, kurmanji, lao, latin, lat
vian, lithuanian, malayalam, marathi, mongolian, mongolianlmc, monogreek, ngerm
an, ngerman-x-2009-06-19, nynorsk, oriya, panjabi, pinyin, polish, portuguese, 
romanian, russian, sanskrit, serbian, slovak, slovenian, spanish, swedish, swis
sgerman, tamil, telugu, turkish, turkmen, ukenglish, ukrainian, uppersorbian, u
senglishmax, welsh, loaded.
(D:\bin\MiKTeX\tex\latex\base\article.cls
Document Class: article 2007/10/19 v1.4h Standard LaTeX document class
(D:\bin\MiKTeX\tex\latex\base\size10.clo
File: size10.clo 2007/10/19 v1.4h Standard LaTeX file (size option)
)
\c@part=\count79
\c@section=\count80
\c@subsection=\count81
\c@subsubsection=\count82
\c@paragraph=\count83
\c@subparagraph=\count84
\c@figure=\count85
\c@table=\count86
\abovecaptionskip=\skip41
\belowcaptionskip=\skip42
\bibindent=\dimen102
)
(D:\bin\MiKTeX\tex\latex\base\inputenc.sty
Package: inputenc 2008/03/30 v1.1d Input encoding file
\inpenc@prehook=\toks14
\inpenc@posthook=\toks15

(D:\bin\MiKTeX\tex\latex\ucs\utf8x.def
File: utf8x.def 2004/10/17 UCS: Input encoding UTF-8
)) (D:\bin\MiKTeX\tex\latex\ucs\ucs.sty
Package: ucs 2004/10/17 UCS: Unicode input support

(D:\bin\MiKTeX\tex\latex\ucs\data\uni-global.def
File: uni-global.def 2012/08/28 UCS: Unicode global data
)
\uc@secondtry=\count87
\uc@combtoks=\toks16
\uc@combtoksb=\toks17
\uc@temptokena=\toks18
)
(D:\bin\MiKTeX\tex\generic\babel\babel.sty
Package: babel 2008/07/08 v3.8m The Babel package

*************************************
* Local config file bblopts.cfg used
*
(D:\bin\MiKTeX\tex\latex\00miktex\bblopts.cfg
File: bblopts.cfg 2006/07/31 v1.0 MiKTeX 'babel' configuration
)
(D:\bin\MiKTeX\tex\generic\babel\english.ldf
Language: english 2005/03/30 v3.3o English support from the babel system

(D:\bin\MiKTeX\tex\generic\babel\babel.def
File: babel.def 2008/07/08 v3.8m Babel common definitions
\babel@savecnt=\count88
\U@D=\dimen103
)
\l@canadian = a dialect from \language\l@american 
\l@australian = a dialect from \language\l@british 
\l@newzealand = a dialect from \language\l@british 
)
(D:\bin\MiKTeX\tex\generic\babel\russianb.ldf
Language: russianb 2008/03/21 v1.1r Russian support from the babel system

(D:\bin\MiKTeX\tex\latex\cyrillic\t2aenc.def
File: t2aenc.def 2005/09/27 v1.0i Cyrillic encoding definition file
)
Package babel Info: Making " an active character on input line 199.
)
(D:\bin\MiKTeX\tex\generic\babel\ukraineb.ldf
Language: ukraineb 2008/03/21 v1.1l Ukrainian support from the babel system
LaTeX Info: Redefining \English on input line 102.
LaTeX Info: Redefining \textcyrillic on input line 138.
LaTeX Info: Redefining \No on input line 299.
))
(D:\bin\MiKTeX\tex\latex\cmap\cmap.sty
Package: cmap 2008/03/06 v1.0h CMap support: searchable PDF
)
(D:\bin\MiKTeX\tex\latex\t2\mathtext.sty
Package: mathtext 1999/01/28 v1.0 transparent text-and-math defs
LaTeX Info: Redefining \halign on input line 111.
)
(D:\bin\MiKTeX\tex\latex\base\fontenc.sty
Package: fontenc 2005/09/27 v1.99g Standard LaTeX package

(D:\bin\MiKTeX\tex\latex\cyrillic\t2aenc.def
File: t2aenc.def 2005/09/27 v1.0i Cyrillic encoding definition file
LaTeX Font Info:    Redeclaring font encoding T2A on input line 38.
\symT2Aletters=\mathgroup4
)
LaTeX Font Info:    Try loading font information for T2A+cmr on input line 100.


(D:\bin\MiKTeX\tex\latex\cyrillic\t2acmr.fd
File: t2acmr.fd 2001/08/11 v1.0a Computer Modern Cyrillic font definitions
)<<t2a.cmap>>)
(D:\bin\MiKTeX\tex\latex\graphics\graphicx.sty
Package: graphicx 1999/02/16 v1.0f Enhanced LaTeX Graphics (DPC,SPQR)

(D:\bin\MiKTeX\tex\latex\graphics\keyval.sty
Package: keyval 1999/03/16 v1.13 key=value parser (DPC)
\KV@toks@=\toks19
)
(D:\bin\MiKTeX\tex\latex\graphics\graphics.sty
Package: graphics 2009/02/05 v1.0o Standard LaTeX Graphics (DPC,SPQR)

(D:\bin\MiKTeX\tex\latex\graphics\trig.sty
Package: trig 1999/03/16 v1.09 sin cos tan (DPC)
)
(D:\bin\MiKTeX\tex\latex\00miktex\graphics.cfg
File: graphics.cfg 2007/01/18 v1.5 graphics configuration of teTeX/TeXLive
)
Package graphics Info: Driver file: pdftex.def on input line 91.

(D:\bin\MiKTeX\tex\latex\pdftex-def\pdftex.def
File: pdftex.def 2011/05/27 v0.06d Graphics/color for pdfTeX

(D:\bin\MiKTeX\tex\generic\oberdiek\infwarerr.sty
Package: infwarerr 2010/04/08 v1.3 Providing info/warning/error messages (HO)
)
(D:\bin\MiKTeX\tex\generic\oberdiek\ltxcmds.sty
Package: ltxcmds 2011/11/09 v1.22 LaTeX kernel commands for general use (HO)
)
\Gread@gobject=\count89
))
\Gin@req@height=\dimen104
\Gin@req@width=\dimen105
)
(D:\bin\MiKTeX\tex\latex\float\float.sty
Package: float 2001/11/08 v1.3d Float enhancements (AL)
\c@float@type=\count90
\float@exts=\toks20
\float@box=\box26
\@float@everytoks=\toks21
\@floatcapt=\box27
)
(D:\bin\MiKTeX\tex\latex\bytefield\bytefield.sty
Package: bytefield 2011/06/19 v2.1 Network protocol diagrams

(D:\bin\MiKTeX\tex\latex\tools\calc.sty
Package: calc 2007/08/22 v4.3 Infix arithmetic (KKT,FJ)
\calc@Acount=\count91
\calc@Bcount=\count92
\calc@Adimen=\dimen106
\calc@Bdimen=\dimen107
\calc@Askip=\skip43
\calc@Bskip=\skip44
LaTeX Info: Redefining \setlength on input line 76.
LaTeX Info: Redefining \addtolength on input line 77.
\calc@Ccount=\count93
\calc@Cskip=\skip45
)
\bytefield@height=\skip46
\bytefield@height@increment=\skip47
\entire@bytefield@picture=\box28
\bf@bitwidth=\skip48
\bf@bitheight=\skip49
\units@wide=\skip50
\units@tall=\skip51
\units@high=\skip52
\header@xpos=\skip53
\c@header@val=\count94
\c@max@header@val=\count95
\curly@box=\box29
\wordlabelr@start=\skip54
\wordlabelr@end=\skip55
\wordlabell@start=\skip56
\wordlabell@end=\skip57
\total@lbox@width=\skip58
\label@box@width=\skip59
\label@box@height=\skip60
\word@label@box=\box30
)
(D:\bin\MiKTeX\tex\latex\tools\multicol.sty
Package: multicol 2011/06/27 v1.7a multicolumn formatting (FMi)
\c@tracingmulticols=\count96
\mult@box=\box31
\multicol@leftmargin=\dimen108
\c@unbalance=\count97
\c@collectmore=\count98
\doublecol@number=\count99
\multicoltolerance=\count100
\multicolpretolerance=\count101
\full@width=\dimen109
\page@free=\dimen110
\premulticols=\dimen111
\postmulticols=\dimen112
\multicolsep=\skip61
\multicolbaselineskip=\skip62
\partial@page=\box32
\last@line=\box33
\mult@rightbox=\box34
\mult@grightbox=\box35
\mult@gfirstbox=\box36
\mult@firstbox=\box37
\@tempa=\box38
\@tempa=\box39
\@tempa=\box40
\@tempa=\box41
\@tempa=\box42
\@tempa=\box43
\@tempa=\box44
\@tempa=\box45
\@tempa=\box46
\@tempa=\box47
\@tempa=\box48
\@tempa=\box49
\@tempa=\box50
\@tempa=\box51
\@tempa=\box52
\@tempa=\box53
\@tempa=\box54
\c@columnbadness=\count102
\c@finalcolumnbadness=\count103
\last@try=\dimen113
\multicolovershoot=\dimen114
\multicolundershoot=\dimen115
\mult@nat@firstbox=\box55
\colbreak@box=\box56
\multicol@sort@counter=\count104
)
(D:\bin\MiKTeX\tex\latex\multirow\multirow.sty
\bigstrutjot=\dimen116
)
(D:\bin\MiKTeX\tex\latex\geometry\geometry.sty
Package: geometry 2010/09/12 v5.6 Page Geometry

(D:\bin\MiKTeX\tex\generic\oberdiek\ifpdf.sty
Package: ifpdf 2011/01/30 v2.3 Provides the ifpdf switch (HO)
Package ifpdf Info: pdfTeX in PDF mode is detected.
)
(D:\bin\MiKTeX\tex\generic\oberdiek\ifvtex.sty
Package: ifvtex 2010/03/01 v1.5 Detect VTeX and its facilities (HO)
Package ifvtex Info: VTeX not detected.
)
(D:\bin\MiKTeX\tex\generic\ifxetex\ifxetex.sty
Package: ifxetex 2010/09/12 v0.6 Provides ifxetex conditional
)
\Gm@cnth=\count105
\Gm@cntv=\count106
\c@Gm@tempcnt=\count107
\Gm@bindingoffset=\dimen117
\Gm@wd@mp=\dimen118
\Gm@odd@mp=\dimen119
\Gm@even@mp=\dimen120
\Gm@layoutwidth=\dimen121
\Gm@layoutheight=\dimen122
\Gm@layouthoffset=\dimen123
\Gm@layoutvoffset=\dimen124
\Gm@dimlist=\toks22

(D:\bin\MiKTeX\tex\latex\geometry\geometry.cfg)) (D:\other\kpi\CA\Lab2\lab2.aux
)
LaTeX Font Info:    Checking defaults for OML/cmm/m/it on input line 21.
LaTeX Font Info:    ... okay on input line 21.
LaTeX Font Info:    Checking defaults for T1/cmr/m/n on input line 21.
LaTeX Font Info:    ... okay on input line 21.
LaTeX Font Info:    Checking defaults for OT1/cmr/m/n on input line 21.
LaTeX Font Info:    ... okay on input line 21.
LaTeX Font Info:    Checking defaults for OMS/cmsy/m/n on input line 21.
LaTeX Font Info:    ... okay on input line 21.
LaTeX Font Info:    Checking defaults for OMX/cmex/m/n on input line 21.
LaTeX Font Info:    ... okay on input line 21.
LaTeX Font Info:    Checking defaults for U/cmr/m/n on input line 21.
LaTeX Font Info:    ... okay on input line 21.
LaTeX Font Info:    Checking defaults for T2A/cmr/m/n on input line 21.
LaTeX Font Info:    ... okay on input line 21.
 (D:\bin\MiKTeX\tex\latex\ucs\ucsencs.def
File: ucsencs.def 2011/01/21 Fixes to fontencodings LGR, T3
)
(D:\bin\MiKTeX\tex\context\base\supp-pdf.mkii
[Loading MPS to PDF converter (version 2006.09.02).]
\scratchcounter=\count108
\scratchdimen=\dimen125
\scratchbox=\box57
\nofMPsegments=\count109
\nofMParguments=\count110
\everyMPshowfont=\toks23
\MPscratchCnt=\count111
\MPscratchDim=\dimen126
\MPnumerator=\count112
\makeMPintoPDFobject=\count113
\everyMPtoPDFconversion=\toks24
)
*geometry* driver: auto-detecting
*geometry* detected driver: pdftex
*geometry* verbose mode - [ preamble ] result:
* driver: pdftex
* paper: a4paper
* layout: <same size as paper>
* layoutoffset:(h,v)=(0.0pt,0.0pt)
* modes: 
* h-part:(L,W,R)=(85.35826pt, 469.47049pt, 42.67912pt)
* v-part:(T,H,B)=(56.9055pt, 731.23584pt, 56.9055pt)
* \paperwidth=597.50787pt
* \paperheight=845.04684pt
* \textwidth=469.47049pt
* \textheight=731.23584pt
* \oddsidemargin=13.08827pt
* \evensidemargin=13.08827pt
* \topmargin=-52.36449pt
* \headheight=12.0pt
* \headsep=25.0pt
* \topskip=10.0pt
* \footskip=30.0pt
* \marginparwidth=57.0pt
* \marginparsep=11.0pt
* \columnsep=10.0pt
* \skip\footins=9.0pt plus 4.0pt minus 2.0pt
* \hoffset=0.0pt
* \voffset=0.0pt
* \mag=1000
* \@twocolumnfalse
* \@twosidefalse
* \@mparswitchfalse
* \@reversemarginfalse
* (1in=72.27pt=25.4mm, 1cm=28.453pt)

(D:\bin\MiKTeX\tex\latex\ucs\data\uni-4.def
File: uni-4.def 2012/08/28 UCS: Unicode data U+0400..U+04FF
)
(D:\bin\MiKTeX\tex\latex\ucs\data\uni-32.def
File: uni-32.def 2012/08/28 UCS: Unicode data U+2000..U+20FF
)
(D:\bin\MiKTeX\tex\latex\ucs\data\uni-33.def
File: uni-33.def 2012/08/28 UCS: Unicode data U+2100..U+21FF
)<<ot1.cmap>><<oml.cmap>><<oms.cmap>>
LaTeX Font Info:    External font `cmex10' loaded for size
(Font)              <7> on input line 46.
<<omx.cmap>>
LaTeX Font Info:    External font `cmex10' loaded for size
(Font)              <5> on input line 46.
 [1

{C:/ProgramData/MiKTeX/2.9/pdftex/config/pdftex.map}]
Underfull \hbox (badness 10000) in paragraph at lines 98--104

 []

[1] <od.png, id=21, 651.84706pt x 527.14589pt>
File: od.png Graphic file (type png)
 <use od.png>
Package pdftex.def Info: od.png used on input line 107.
(pdftex.def)             Requested size: 325.92273pt x 263.5723pt.

<f_alg.png, id=22, 853.06941pt x 1363.21059pt>
File: f_alg.png Graphic file (type png)
 <use f_alg.png>
Package pdftex.def Info: f_alg.png used on input line 114.
(pdftex.def)             Requested size: 213.26683pt x 340.80182pt.
 [2 <D:/other/kpi/CA/Lab2/od.png>] <fs.png, id=26, 765.21176pt x 668.85176pt>
File: fs.png Graphic file (type png)
 <use fs.png>
Package pdftex.def Info: fs.png used on input line 121.
(pdftex.def)             Requested size: 382.60495pt x 334.42506pt.

[3 <D:/other/kpi/CA/Lab2/f_alg.png>]
<od_circ.png, id=30, 481.8pt x 530.98375pt>
File: od_circ.png Graphic file (type png)
 <use od_circ.png>
Package pdftex.def Info: od_circ.png used on input line 128.
(pdftex.def)             Requested size: 361.3491pt x 398.23682pt.
 [4 <D:/other/kpi/CA/Lab2/fs.png>]

LaTeX Warning: `!h' float specifier changed to `!ht'.

<fs_alg.png, id=34, 881.41058pt x 1363.21059pt>
File: fs_alg.png Graphic file (type png)
 <use fs_alg.png>
Package pdftex.def Info: fs_alg.png used on input line 182.
(pdftex.def)             Requested size: 220.3521pt x 340.80182pt.
 [5 <D:/other/kpi/CA/Lab2/od_circ.png (PNG copy)>]

LaTeX Warning: `!h' float specifier changed to `!ht'.

<fsz_alg.png, id=38, 624.3325pt x 965.6075pt>
File: fsz_alg.png Graphic file (type png)
 <use fsz_alg.png>
Package pdftex.def Info: fsz_alg.png used on input line 222.
(pdftex.def)             Requested size: 156.08273pt x 241.40128pt.
 [6 <D:/other/kpi/CA/Lab2/fs_alg.png>] <mpcu1.png, id=44, 303.38344pt x 213.045
94pt>
File: mpcu1.png Graphic file (type png)

<use mpcu1.png>
Package pdftex.def Info: mpcu1.png used on input line 229.
(pdftex.def)             Requested size: 303.38269pt x 213.04541pt.
 <mpcu2.png, id=45, 377.15906pt x 189.70876pt>
File: mpcu2.png Graphic file (type png)
 <use mpcu2.png>
Package pdftex.def Info: mpcu2.png used on input line 236.
(pdftex.def)             Requested size: 377.15814pt x 189.70828pt.

[7 <D:/other/kpi/CA/Lab2/fsz_alg.png> <D:/other/kpi/CA/Lab2/mpcu1.png>]
Underfull \hbox (badness 10000) in paragraph at lines 241--247

 []


Underfull \hbox (badness 10000) in paragraph at lines 264--266

 []


Underfull \hbox (badness 10000) in paragraph at lines 267--270

 []


Underfull \hbox (badness 10000) in paragraph at lines 271--273

 []

\height=\dimen127 (locally)
\depth=\dimen128 (locally)
\totalheight=\dimen129 (locally)
\width=\dimen130 (locally)
\height=\dimen127 (locally)
\depth=\dimen128 (locally)
\totalheight=\dimen129 (locally)
\width=\dimen130 (locally)
\height=\dimen127 (locally)
\depth=\dimen128 (locally)
\totalheight=\dimen129 (locally)
\width=\dimen130 (locally)
\height=\dimen127 (locally)
\depth=\dimen128 (locally)
\totalheight=\dimen129 (locally)
\width=\dimen130 (locally)
\height=\dimen127 (locally)
\depth=\dimen128 (locally)
\totalheight=\dimen129 (locally)
\width=\dimen130 (locally)
\height=\dimen127 (locally)
\depth=\dimen128 (locally)
\totalheight=\dimen129 (locally)
\width=\dimen130 (locally)
\height=\dimen127 (locally)
\depth=\dimen128 (locally)
\totalheight=\dimen129 (locally)
\width=\dimen130 (locally)
\height=\dimen127 (locally)
\depth=\dimen128 (locally)
\totalheight=\dimen129 (locally)
\width=\dimen130 (locally)
\height=\dimen127 (locally)
\depth=\dimen128 (locally)
\totalheight=\dimen129 (locally)
\width=\dimen130 (locally)
\height=\dimen127 (locally)
\depth=\dimen128 (locally)
\totalheight=\dimen129 (locally)
\width=\dimen130 (locally)
\height=\dimen127 (locally)
\depth=\dimen128 (locally)
\totalheight=\dimen129 (locally)
\width=\dimen130 (locally)
\height=\dimen127 (locally)
\depth=\dimen128 (locally)
\totalheight=\dimen129 (locally)
\width=\dimen130 (locally)
\height=\dimen127 (locally)
\depth=\dimen128 (locally)
\totalheight=\dimen129 (locally)
\width=\dimen130 (locally)

Underfull \hbox (badness 10000) in paragraph at lines 274--283

 []


Underfull \hbox (badness 10000) in paragraph at lines 284--292

 []

[8 <D:/other/kpi/CA/Lab2/mpcu2.png>]
Underfull \hbox (badness 10000) in paragraph at lines 293--297

 []

<mpcu_circ.png, id=54, 1117.17375pt x 522.95375pt>
File: mpcu_circ.png Graphic file (type png)
 <use mpcu_circ.png>
Package pdftex.def Info: mpcu_circ.png used on input line 343.
(pdftex.def)             Requested size: 670.30943pt x 313.77466pt.
 [9]
<lab2.png, id=58, 1114.1625pt x 1155.31625pt>
File: lab2.png Graphic file (type png)
 <use lab2.png>
Package pdftex.def Info: lab2.png used on input line 350.
(pdftex.def)             Requested size: 445.6571pt x 462.11832pt.
 [10 <D:/other/kpi/CA/Lab2/mpcu_circ.png (PNG copy)>] (D:\other\kpi\CA\Lab2\tex
_log.tex)

LaTeX Warning: `!h' float specifier changed to `!ht'.

[11 <D:/other/kpi/CA/Lab2/lab2.png (PNG copy)>] [12]
(D:\other\kpi\CA\Lab2\lab2.aux) ) 
Here is how much of TeX's memory you used:
 4669 strings out of 494045
 59401 string characters out of 3154024
 222223 words of memory out of 3000000
 7865 multiletter control sequences out of 15000+200000
 9293 words of font info for 21 fonts, out of 3000000 for 9000
 715 hyphenation exceptions out of 8191
 27i,13n,31p,754b,669s stack positions out of 5000i,500n,10000p,200000b,50000s
 <C:\Users\Aquirel\AppData\Local\MiKTeX\2.9\fo
nts\pk\ljfour\lh\lh-t2a\dpi600\larm0500.pk> <C:\Users\Aquirel\AppData\Local\MiK
TeX\2.9\fonts\pk\ljfour\lh\lh-t2a\dpi600\larm0700.pk> <C:\Users\Aquirel\AppData
\Local\MiKTeX\2.9\fonts\pk\ljfour\lh\lh-t2a\dpi600\labx1440.pk> <C:\Users\Aquir
el\AppData\Local\MiKTeX\2.9\fonts\pk\ljfour\lh\lh-t2a\dpi600\larm1000.pk> <C:\U
sers\Aquirel\AppData\Local\MiKTeX\2.9\fonts\pk\ljfour\lh\lh-t2a\dpi600\labx1200
.pk> <C:\Users\Aquirel\AppData\Local\MiKTeX\2.9\fonts\pk\ljfour\unknown\unknown
\dpi600\larm1200.pk><D:/bin/MiKTeX/fonts/type1/public/amsfonts/cm/cmmi10.pfb><D
:/bin/MiKTeX/fonts/type1/public/amsfonts/cm/cmmi5.pfb><D:/bin/MiKTeX/fonts/type
1/public/amsfonts/cm/cmmi7.pfb><D:/bin/MiKTeX/fonts/type1/public/amsfonts/cm/cm
r10.pfb><D:/bin/MiKTeX/fonts/type1/public/amsfonts/cm/cmr5.pfb><D:/bin/MiKTeX/f
onts/type1/public/amsfonts/cm/cmr7.pfb><D:/bin/MiKTeX/fonts/type1/public/amsfon
ts/cm/cmsy10.pfb>
Output written on lab2.pdf (13 pages, 289219 bytes).
PDF statistics:
 319 PDF objects out of 1000 (max. 8388607)
 0 named destinations out of 1000 (max. 500000)
 71 words of extra memory for PDF output out of 10000 (max. 10000000)

