BIN
LIB
NETWORK/ADMIN/SAMPLE
OPatch
OPatch/docs
OPatch/jlib
RDBMS/ADMIN
RDBMS/XA
assistants/jlib
bin
crs/demo
crs/mesg
css/mesg
diagnostics/config/registration
has/mesg
install
jdbc
jdbc/bin
jdbc/lib
jdk/jre/lib/ext
jlib
jre/1.4.2
jre/1.4.2/bin
jre/1.4.2/bin/client
jre/1.4.2/javaws
jre/1.4.2/javaws/resources
jre/1.4.2/lib
jre/1.4.2/lib/audio
jre/1.4.2/lib/cmm
jre/1.4.2/lib/ext
jre/1.4.2/lib/fonts
jre/1.4.2/lib/i386
jre/1.4.2/lib/im
jre/1.4.2/lib/images/cursors
jre/1.4.2/lib/security
jre/1.4.2/lib/zi
jre/1.4.2/lib/zi/Africa
jre/1.4.2/lib/zi/America
jre/1.4.2/lib/zi/America/Indiana
jre/1.4.2/lib/zi/America/Kentucky
jre/1.4.2/lib/zi/America/North_Dakota
jre/1.4.2/lib/zi/Antarctica
jre/1.4.2/lib/zi/Asia
jre/1.4.2/lib/zi/Atlantic
jre/1.4.2/lib/zi/Australia
jre/1.4.2/lib/zi/Etc
jre/1.4.2/lib/zi/Europe
jre/1.4.2/lib/zi/Indian
jre/1.4.2/lib/zi/Pacific
ldap/mesg
ldap/schema
ldap/schema/ad
ldap/schema/oid
lib
network/admin
network/doc
network/install
network/install/sbs
network/jlib
network/mesg
network/tools
network/tools/help/ca/help
network/tools/help/mgr/help
network/tools/images
nls/data
nls/data/old
nls/lbuilder
nls/lbuilder/jlib
nls/mesg
oci/include
oci/lib/bc
oci/lib/msvc
oci/lib/msvc/vc7
oci/lib/msvc/vc71
oracore/mesg
oracore/zoneinfo
oui
oui/bin
oui/bin/resource
oui/guide
oui/instImages
oui/jlib
oui/lib/win32
owm/install
owm/jlib
owm/jlib/help/owm
perl/5.8.3/bin
perl/5.8.3/bin/MSWin32-x86-multi-thread
perl/5.8.3/html/ext/B
perl/5.8.3/html/ext/B/B
perl/5.8.3/html/ext/ByteLoader
perl/5.8.3/html/ext/DB_File
perl/5.8.3/html/ext/Data/Dumper
perl/5.8.3/html/ext/Devel/DProf
perl/5.8.3/html/ext/Devel/PPPort
perl/5.8.3/html/ext/Devel/Peek
perl/5.8.3/html/ext/Digest/MD5
perl/5.8.3/html/ext/DynaLoader
perl/5.8.3/html/ext/Encode
perl/5.8.3/html/ext/Encode/Byte
perl/5.8.3/html/ext/Encode/CN
perl/5.8.3/html/ext/Encode/EBCDIC
perl/5.8.3/html/ext/Encode/JP
perl/5.8.3/html/ext/Encode/KR
perl/5.8.3/html/ext/Encode/Symbol
perl/5.8.3/html/ext/Encode/TW
perl/5.8.3/html/ext/Encode/Unicode
perl/5.8.3/html/ext/Encode/lib/Encode
perl/5.8.3/html/ext/Encode/lib/Encode/CN
perl/5.8.3/html/ext/Encode/lib/Encode/JP
perl/5.8.3/html/ext/Encode/lib/Encode/KR
perl/5.8.3/html/ext/Encode/lib/Encode/MIME
perl/5.8.3/html/ext/Encode/lib/Encode/Unicode
perl/5.8.3/html/ext/Encode/t
perl/5.8.3/html/ext/Errno
perl/5.8.3/html/ext/Fcntl
perl/5.8.3/html/ext/File/Glob
perl/5.8.3/html/ext/Filter/Util/Call
perl/5.8.3/html/ext/GDBM_File
perl/5.8.3/html/ext/I18N/Langinfo
perl/5.8.3/html/ext/IO
perl/5.8.3/html/ext/IO/lib/IO
perl/5.8.3/html/ext/IO/lib/IO/Socket
perl/5.8.3/html/ext/IPC/SysV
perl/5.8.3/html/ext/List/Util/lib/List
perl/5.8.3/html/ext/List/Util/lib/Scalar
perl/5.8.3/html/ext/MIME/Base64
perl/5.8.3/html/ext/NDBM_File
perl/5.8.3/html/ext/ODBM_File
perl/5.8.3/html/ext/Opcode
perl/5.8.3/html/ext/POSIX
perl/5.8.3/html/ext/PerlIO/encoding
perl/5.8.3/html/ext/PerlIO/scalar
perl/5.8.3/html/ext/PerlIO/via
perl/5.8.3/html/ext/SDBM_File
perl/5.8.3/html/ext/Socket
perl/5.8.3/html/ext/Storable
perl/5.8.3/html/ext/Sys/Hostname
perl/5.8.3/html/ext/Sys/Syslog
perl/5.8.3/html/ext/Thread/Thread
perl/5.8.3/html/ext/Time/HiRes
perl/5.8.3/html/ext/Unicode/Normalize
perl/5.8.3/html/ext/XS/APItest
perl/5.8.3/html/ext/XS/Typemap
perl/5.8.3/html/ext/attrs
perl/5.8.3/html/ext/re
perl/5.8.3/html/ext/threads
perl/5.8.3/html/ext/threads/shared
perl/5.8.3/html/lib
perl/5.8.3/html/lib/Attribute
perl/5.8.3/html/lib/Attribute/Handlers/demo
perl/5.8.3/html/lib/B
perl/5.8.3/html/lib/CGI
perl/5.8.3/html/lib/CPAN
perl/5.8.3/html/lib/Carp
perl/5.8.3/html/lib/Class
perl/5.8.3/html/lib/Data
perl/5.8.3/html/lib/Devel
perl/5.8.3/html/lib/Digest
perl/5.8.3/html/lib/Encode
perl/5.8.3/html/lib/Encode/CN
perl/5.8.3/html/lib/Encode/JP
perl/5.8.3/html/lib/Encode/KR
perl/5.8.3/html/lib/Encode/MIME
perl/5.8.3/html/lib/Encode/Unicode
perl/5.8.3/html/lib/Exporter
perl/5.8.3/html/lib/ExtUtils
perl/5.8.3/html/lib/ExtUtils/Command
perl/5.8.3/html/lib/ExtUtils/Liblist
perl/5.8.3/html/lib/ExtUtils/MakeMaker
perl/5.8.3/html/lib/File
perl/5.8.3/html/lib/File/Spec
perl/5.8.3/html/lib/Filter
perl/5.8.3/html/lib/Filter/Util
perl/5.8.3/html/lib/Getopt
perl/5.8.3/html/lib/Hash
perl/5.8.3/html/lib/I18N
perl/5.8.3/html/lib/I18N/LangTags
perl/5.8.3/html/lib/IO
perl/5.8.3/html/lib/IO/Socket
perl/5.8.3/html/lib/IPC
perl/5.8.3/html/lib/List
perl/5.8.3/html/lib/Locale
perl/5.8.3/html/lib/Locale/Maketext
perl/5.8.3/html/lib/MIME
perl/5.8.3/html/lib/Math
perl/5.8.3/html/lib/Math/BigFloat
perl/5.8.3/html/lib/Math/BigInt
perl/5.8.3/html/lib/Memoize
perl/5.8.3/html/lib/Net
perl/5.8.3/html/lib/Net/FTP
perl/5.8.3/html/lib/PerlIO
perl/5.8.3/html/lib/PerlIO/via
perl/5.8.3/html/lib/Pod
perl/5.8.3/html/lib/Pod/Perldoc
perl/5.8.3/html/lib/Pod/Text
perl/5.8.3/html/lib/Pod/t
perl/5.8.3/html/lib/Scalar
perl/5.8.3/html/lib/Search
perl/5.8.3/html/lib/Sys
perl/5.8.3/html/lib/Term
perl/5.8.3/html/lib/Test
perl/5.8.3/html/lib/Test/Harness
perl/5.8.3/html/lib/Text
perl/5.8.3/html/lib/Thread
perl/5.8.3/html/lib/Tie
perl/5.8.3/html/lib/Time
perl/5.8.3/html/lib/Unicode
perl/5.8.3/html/lib/User
perl/5.8.3/html/lib/XS
perl/5.8.3/html/lib/threads
perl/5.8.3/html/lib/warnings
perl/5.8.3/html/pod
perl/5.8.3/lib
perl/5.8.3/lib/Attribute
perl/5.8.3/lib/Attribute/Handlers
perl/5.8.3/lib/Attribute/Handlers/demo
perl/5.8.3/lib/B
perl/5.8.3/lib/CGI
perl/5.8.3/lib/CGI/eg
perl/5.8.3/lib/CORE
perl/5.8.3/lib/CPAN
perl/5.8.3/lib/Carp
perl/5.8.3/lib/Class
perl/5.8.3/lib/Devel
perl/5.8.3/lib/Digest
perl/5.8.3/lib/Encode
perl/5.8.3/lib/Encode/CN
perl/5.8.3/lib/Encode/JP
perl/5.8.3/lib/Encode/KR
perl/5.8.3/lib/Encode/MIME
perl/5.8.3/lib/Encode/Unicode
perl/5.8.3/lib/Exporter
perl/5.8.3/lib/ExtUtils
perl/5.8.3/lib/ExtUtils/Command
perl/5.8.3/lib/ExtUtils/Liblist
perl/5.8.3/lib/ExtUtils/MakeMaker
perl/5.8.3/lib/File
perl/5.8.3/lib/File/Spec
perl/5.8.3/lib/Filter
perl/5.8.3/lib/Filter/Simple
perl/5.8.3/lib/Getopt
perl/5.8.3/lib/Getopt/Long
perl/5.8.3/lib/Hash
perl/5.8.3/lib/I18N
perl/5.8.3/lib/I18N/LangTags
perl/5.8.3/lib/IO/Socket
perl/5.8.3/lib/IPC
perl/5.8.3/lib/List
perl/5.8.3/lib/Locale
perl/5.8.3/lib/Locale/Codes
perl/5.8.3/lib/Locale/Maketext
perl/5.8.3/lib/MSWin32-x86-multi-thread
perl/5.8.3/lib/MSWin32-x86-multi-thread/B
perl/5.8.3/lib/MSWin32-x86-multi-thread/CORE
perl/5.8.3/lib/MSWin32-x86-multi-thread/CORE/arpa
perl/5.8.3/lib/MSWin32-x86-multi-thread/CORE/sys
perl/5.8.3/lib/MSWin32-x86-multi-thread/Data
perl/5.8.3/lib/MSWin32-x86-multi-thread/Devel
perl/5.8.3/lib/MSWin32-x86-multi-thread/Digest
perl/5.8.3/lib/MSWin32-x86-multi-thread/Encode
perl/5.8.3/lib/MSWin32-x86-multi-thread/File
perl/5.8.3/lib/MSWin32-x86-multi-thread/Filter/Util
perl/5.8.3/lib/MSWin32-x86-multi-thread/IO
perl/5.8.3/lib/MSWin32-x86-multi-thread/MIME
perl/5.8.3/lib/MSWin32-x86-multi-thread/PerlIO
perl/5.8.3/lib/MSWin32-x86-multi-thread/Sys
perl/5.8.3/lib/MSWin32-x86-multi-thread/Thread
perl/5.8.3/lib/MSWin32-x86-multi-thread/Time
perl/5.8.3/lib/MSWin32-x86-multi-thread/Unicode
perl/5.8.3/lib/MSWin32-x86-multi-thread/XS
perl/5.8.3/lib/MSWin32-x86-multi-thread/auto/B
perl/5.8.3/lib/MSWin32-x86-multi-thread/auto/B/C
perl/5.8.3/lib/MSWin32-x86-multi-thread/auto/ByteLoader
perl/5.8.3/lib/MSWin32-x86-multi-thread/auto/Cwd
perl/5.8.3/lib/MSWin32-x86-multi-thread/auto/Data/Dumper
perl/5.8.3/lib/MSWin32-x86-multi-thread/auto/Devel/DProf
perl/5.8.3/lib/MSWin32-x86-multi-thread/auto/Devel/PPPort
perl/5.8.3/lib/MSWin32-x86-multi-thread/auto/Devel/Peek
perl/5.8.3/lib/MSWin32-x86-multi-thread/auto/Digest/MD5
perl/5.8.3/lib/MSWin32-x86-multi-thread/auto/DynaLoader
perl/5.8.3/lib/MSWin32-x86-multi-thread/auto/Encode
perl/5.8.3/lib/MSWin32-x86-multi-thread/auto/Encode/Byte
perl/5.8.3/lib/MSWin32-x86-multi-thread/auto/Encode/CN
perl/5.8.3/lib/MSWin32-x86-multi-thread/auto/Encode/EBCDIC
perl/5.8.3/lib/MSWin32-x86-multi-thread/auto/Encode/JP
perl/5.8.3/lib/MSWin32-x86-multi-thread/auto/Encode/KR
perl/5.8.3/lib/MSWin32-x86-multi-thread/auto/Encode/Symbol
perl/5.8.3/lib/MSWin32-x86-multi-thread/auto/Encode/TW
perl/5.8.3/lib/MSWin32-x86-multi-thread/auto/Encode/Unicode
perl/5.8.3/lib/MSWin32-x86-multi-thread/auto/Fcntl
perl/5.8.3/lib/MSWin32-x86-multi-thread/auto/File/Glob
perl/5.8.3/lib/MSWin32-x86-multi-thread/auto/Filter/Util/Call
perl/5.8.3/lib/MSWin32-x86-multi-thread/auto/IO
perl/5.8.3/lib/MSWin32-x86-multi-thread/auto/List/Util
perl/5.8.3/lib/MSWin32-x86-multi-thread/auto/MIME/Base64
perl/5.8.3/lib/MSWin32-x86-multi-thread/auto/Net
perl/5.8.3/lib/MSWin32-x86-multi-thread/auto/Opcode
perl/5.8.3/lib/MSWin32-x86-multi-thread/auto/POSIX
perl/5.8.3/lib/MSWin32-x86-multi-thread/auto/PerlIO/encoding
perl/5.8.3/lib/MSWin32-x86-multi-thread/auto/PerlIO/scalar
perl/5.8.3/lib/MSWin32-x86-multi-thread/auto/PerlIO/via
perl/5.8.3/lib/MSWin32-x86-multi-thread/auto/SDBM_File
perl/5.8.3/lib/MSWin32-x86-multi-thread/auto/Socket
perl/5.8.3/lib/MSWin32-x86-multi-thread/auto/Storable
perl/5.8.3/lib/MSWin32-x86-multi-thread/auto/Sys/Hostname
perl/5.8.3/lib/MSWin32-x86-multi-thread/auto/Thread
perl/5.8.3/lib/MSWin32-x86-multi-thread/auto/Time/HiRes
perl/5.8.3/lib/MSWin32-x86-multi-thread/auto/Unicode/Normalize
perl/5.8.3/lib/MSWin32-x86-multi-thread/auto/Win32API/File
perl/5.8.3/lib/MSWin32-x86-multi-thread/auto/XS/APItest
perl/5.8.3/lib/MSWin32-x86-multi-thread/auto/XS/Typemap
perl/5.8.3/lib/MSWin32-x86-multi-thread/auto/attrs
perl/5.8.3/lib/MSWin32-x86-multi-thread/auto/re
perl/5.8.3/lib/MSWin32-x86-multi-thread/auto/sdbm
perl/5.8.3/lib/MSWin32-x86-multi-thread/auto/threads
perl/5.8.3/lib/MSWin32-x86-multi-thread/auto/threads/shared
perl/5.8.3/lib/MSWin32-x86-multi-thread/threads
perl/5.8.3/lib/Math
perl/5.8.3/lib/Math/BigFloat
perl/5.8.3/lib/Math/BigInt
perl/5.8.3/lib/Memoize
perl/5.8.3/lib/NEXT
perl/5.8.3/lib/Net
perl/5.8.3/lib/Net/FTP
perl/5.8.3/lib/Net/Ping
perl/5.8.3/lib/Net/demos
perl/5.8.3/lib/PerlIO/via
perl/5.8.3/lib/Pod
perl/5.8.3/lib/Pod/Perldoc
perl/5.8.3/lib/Pod/Text
perl/5.8.3/lib/Scalar
perl/5.8.3/lib/Search
perl/5.8.3/lib/Switch
perl/5.8.3/lib/Term
perl/5.8.3/lib/Term/ANSIColor
perl/5.8.3/lib/Test
perl/5.8.3/lib/Test/Harness
perl/5.8.3/lib/Test/Simple
perl/5.8.3/lib/Text
perl/5.8.3/lib/Text/Balanced
perl/5.8.3/lib/Text/TabsWrap
perl/5.8.3/lib/Thread
perl/5.8.3/lib/Tie
perl/5.8.3/lib/Time
perl/5.8.3/lib/Unicode
perl/5.8.3/lib/Unicode/Collate
perl/5.8.3/lib/User
perl/5.8.3/lib/auto/POSIX/SigAction
perl/5.8.3/lib/unicore
perl/5.8.3/lib/unicore/To
perl/5.8.3/lib/unicore/lib
perl/5.8.3/lib/warnings
perl/site/5.8.3/lib
perl/site/5.8.3/lib/Apache
perl/site/5.8.3/lib/Bundle
perl/site/5.8.3/lib/Devel
perl/site/5.8.3/lib/Devel/Symdump
perl/site/5.8.3/lib/Digest
perl/site/5.8.3/lib/File
perl/site/5.8.3/lib/HTML
perl/site/5.8.3/lib/HTTP
perl/site/5.8.3/lib/HTTP/Cookies
perl/site/5.8.3/lib/HTTP/Headers
perl/site/5.8.3/lib/HTTP/Request
perl/site/5.8.3/lib/LWP
perl/site/5.8.3/lib/LWP/Authen
perl/site/5.8.3/lib/LWP/Protocol
perl/site/5.8.3/lib/MSWin32-x86-multi-thread
perl/site/5.8.3/lib/MSWin32-x86-multi-thread/Bundle
perl/site/5.8.3/lib/MSWin32-x86-multi-thread/DBD
perl/site/5.8.3/lib/MSWin32-x86-multi-thread/DBD/Oracle
perl/site/5.8.3/lib/MSWin32-x86-multi-thread/DBI
perl/site/5.8.3/lib/MSWin32-x86-multi-thread/DBI/Const
perl/site/5.8.3/lib/MSWin32-x86-multi-thread/DBI/Const/GetInfo
perl/site/5.8.3/lib/MSWin32-x86-multi-thread/DBI/DBD
perl/site/5.8.3/lib/MSWin32-x86-multi-thread/DBI/ProfileDumper
perl/site/5.8.3/lib/MSWin32-x86-multi-thread/Digest
perl/site/5.8.3/lib/MSWin32-x86-multi-thread/HTML
perl/site/5.8.3/lib/MSWin32-x86-multi-thread/Win32
perl/site/5.8.3/lib/MSWin32-x86-multi-thread/Win32/OLE
perl/site/5.8.3/lib/MSWin32-x86-multi-thread/Win32API
perl/site/5.8.3/lib/MSWin32-x86-multi-thread/Win32API/File
perl/site/5.8.3/lib/MSWin32-x86-multi-thread/Win32API/Registry
perl/site/5.8.3/lib/MSWin32-x86-multi-thread/XML
perl/site/5.8.3/lib/MSWin32-x86-multi-thread/XML/Parser
perl/site/5.8.3/lib/MSWin32-x86-multi-thread/XML/Parser/Encodings
perl/site/5.8.3/lib/MSWin32-x86-multi-thread/XML/Parser/Style
perl/site/5.8.3/lib/MSWin32-x86-multi-thread/auto/Apache/DBI
perl/site/5.8.3/lib/MSWin32-x86-multi-thread/auto/DBD/Oracle
perl/site/5.8.3/lib/MSWin32-x86-multi-thread/auto/DBI
perl/site/5.8.3/lib/MSWin32-x86-multi-thread/auto/Devel/Symdump
perl/site/5.8.3/lib/MSWin32-x86-multi-thread/auto/Digest/HMAC
perl/site/5.8.3/lib/MSWin32-x86-multi-thread/auto/Digest/MD2
perl/site/5.8.3/lib/MSWin32-x86-multi-thread/auto/Digest/SHA1
perl/site/5.8.3/lib/MSWin32-x86-multi-thread/auto/HTML/Parser
perl/site/5.8.3/lib/MSWin32-x86-multi-thread/auto/HTML/Tagset
perl/site/5.8.3/lib/MSWin32-x86-multi-thread/auto/Mail/Sender
perl/site/5.8.3/lib/MSWin32-x86-multi-thread/auto/Net/Daemon
perl/site/5.8.3/lib/MSWin32-x86-multi-thread/auto/RPC/PlServer
perl/site/5.8.3/lib/MSWin32-x86-multi-thread/auto/URI
perl/site/5.8.3/lib/MSWin32-x86-multi-thread/auto/Win32
perl/site/5.8.3/lib/MSWin32-x86-multi-thread/auto/Win32/ChangeNotify
perl/site/5.8.3/lib/MSWin32-x86-multi-thread/auto/Win32/Clipboard
perl/site/5.8.3/lib/MSWin32-x86-multi-thread/auto/Win32/Console
perl/site/5.8.3/lib/MSWin32-x86-multi-thread/auto/Win32/Event
perl/site/5.8.3/lib/MSWin32-x86-multi-thread/auto/Win32/EventLog
perl/site/5.8.3/lib/MSWin32-x86-multi-thread/auto/Win32/File
perl/site/5.8.3/lib/MSWin32-x86-multi-thread/auto/Win32/FileSecurity
perl/site/5.8.3/lib/MSWin32-x86-multi-thread/auto/Win32/IPC
perl/site/5.8.3/lib/MSWin32-x86-multi-thread/auto/Win32/Internet
perl/site/5.8.3/lib/MSWin32-x86-multi-thread/auto/Win32/Job
perl/site/5.8.3/lib/MSWin32-x86-multi-thread/auto/Win32/Mutex
perl/site/5.8.3/lib/MSWin32-x86-multi-thread/auto/Win32/NetAdmin
perl/site/5.8.3/lib/MSWin32-x86-multi-thread/auto/Win32/NetResource
perl/site/5.8.3/lib/MSWin32-x86-multi-thread/auto/Win32/ODBC
perl/site/5.8.3/lib/MSWin32-x86-multi-thread/auto/Win32/OLE
perl/site/5.8.3/lib/MSWin32-x86-multi-thread/auto/Win32/PerfLib
perl/site/5.8.3/lib/MSWin32-x86-multi-thread/auto/Win32/Pipe
perl/site/5.8.3/lib/MSWin32-x86-multi-thread/auto/Win32/Process
perl/site/5.8.3/lib/MSWin32-x86-multi-thread/auto/Win32/Registry
perl/site/5.8.3/lib/MSWin32-x86-multi-thread/auto/Win32/Semaphore
perl/site/5.8.3/lib/MSWin32-x86-multi-thread/auto/Win32/Service
perl/site/5.8.3/lib/MSWin32-x86-multi-thread/auto/Win32/Shortcut
perl/site/5.8.3/lib/MSWin32-x86-multi-thread/auto/Win32/Sound
perl/site/5.8.3/lib/MSWin32-x86-multi-thread/auto/Win32/TieRegistry
perl/site/5.8.3/lib/MSWin32-x86-multi-thread/auto/Win32/WinError
perl/site/5.8.3/lib/MSWin32-x86-multi-thread/auto/Win32API/Net
perl/site/5.8.3/lib/MSWin32-x86-multi-thread/auto/Win32API/Registry
perl/site/5.8.3/lib/MSWin32-x86-multi-thread/auto/XML/Parser
perl/site/5.8.3/lib/MSWin32-x86-multi-thread/auto/XML/Parser/Expat
perl/site/5.8.3/lib/MSWin32-x86-multi-thread/auto/libwww-perl
perl/site/5.8.3/lib/MSWin32-x86-multi-thread\auto\Win32API\File
perl/site/5.8.3/lib/Mail
perl/site/5.8.3/lib/Mail/Sender/CType
perl/site/5.8.3/lib/Net
perl/site/5.8.3/lib/Net/Daemon
perl/site/5.8.3/lib/Net/HTTP
perl/site/5.8.3/lib/RPC
perl/site/5.8.3/lib/RPC/PlServer
perl/site/5.8.3/lib/URI
perl/site/5.8.3/lib/URI/file
perl/site/5.8.3/lib/URI/urn
perl/site/5.8.3/lib/WWW
perl/site/5.8.3/lib/WWW/RobotRules
perl/site/5.8.3/lib/Win32
plsql/include
plsql/mesg
precomp/LIB
precomp/admin
precomp/doc/ott
precomp/doc/pro1x
precomp/doc/proc
precomp/doc/procob2
precomp/help/proc
precomp/lib
precomp/lib/msvc
precomp/mesg
precomp/public
racg/mesg
rdbms/admin
rdbms/install/sbs
rdbms/jlib
rdbms/mesg
rdbms/public
relnotes
relnotes/precomp
relnotes/readmes
slax/mesg
sqlplus/admin
sqlplus/admin/help
sqlplus/doc
sqlplus/mesg
srvm/admin
srvm/jlib
srvm/mesg
srvm/utl
sysman/admin/scripts/emca
sysman/config
uix/cabo/WEB-INF
uix/taglib
xdk/mesg
