Active-HDL 8.3.2120.sp1.14.3884  2012-10-15 21:56:41

Elaboration top modules:
Architecture                  not_or2(not_or2)


-------------------------------------------------------------------------------------------------
Entity   | Architecture | Library | Info | Compiler Version                | Compilation Options
-------------------------------------------------------------------------------------------------
not_or2  | not_or2      | lab1    |      | 8.3.2120.sp1.14.3884  (Windows) | -O3 -2002
-------------------------------------------------------------------------------------------------

-------------------------------------------------------------------------------------------------
VHDL Package            | Library | Info | Compiler Version                | Compilation Options
-------------------------------------------------------------------------------------------------
standard                | std     |      |                                 | <unavailable>
TEXTIO                  | std     |      | 8.3.2120.sp1.14.3884  (Windows) | -2008
std_logic_1164          | ieee    |      | 8.3.2120.sp1.14.3884  (Windows) | -2008
-------------------------------------------------------------------------------------------------

-------------------------------------------------------------------------------------------------
Library                 | Comment
-------------------------------------------------------------------------------------------------
ieee                    | Standard IEEE packages library
lab1                    | None
std                     | Standard VHDL library
-------------------------------------------------------------------------------------------------
