This is pdfTeX, Version 3.1415926-2.3-1.40.12 (MiKTeX 2.9) (preloaded format=pdflatex 2012.9.8)  1 OCT 2012 00:50
entering extended mode
**lab2.tex
(D:\other\kpi\Modelling\Lab2\lab2.tex
LaTeX2e <2011/06/27>
Babel <v3.8m> and hyphenation patterns for english, afrikaans, ancientgreek, ar
abic, armenian, assamese, basque, bengali, bokmal, bulgarian, catalan, coptic, 
croatian, czech, danish, dutch, esperanto, estonian, farsi, finnish, french, ga
lician, german, german-x-2009-06-19, greek, gujarati, hindi, hungarian, iceland
ic, indonesian, interlingua, irish, italian, kannada, kurmanji, lao, latin, lat
vian, lithuanian, malayalam, marathi, mongolian, mongolianlmc, monogreek, ngerm
an, ngerman-x-2009-06-19, nynorsk, oriya, panjabi, pinyin, polish, portuguese, 
romanian, russian, sanskrit, serbian, slovak, slovenian, spanish, swedish, swis
sgerman, tamil, telugu, turkish, turkmen, ukenglish, ukrainian, uppersorbian, u
senglishmax, welsh, loaded.
(D:\bin\MiKTeX\tex\latex\base\article.cls
Document Class: article 2007/10/19 v1.4h Standard LaTeX document class
(D:\bin\MiKTeX\tex\latex\base\size10.clo
File: size10.clo 2007/10/19 v1.4h Standard LaTeX file (size option)
)
\c@part=\count79
\c@section=\count80
\c@subsection=\count81
\c@subsubsection=\count82
\c@paragraph=\count83
\c@subparagraph=\count84
\c@figure=\count85
\c@table=\count86
\abovecaptionskip=\skip41
\belowcaptionskip=\skip42
\bibindent=\dimen102
)
(D:\bin\MiKTeX\tex\latex\base\inputenc.sty
Package: inputenc 2008/03/30 v1.1d Input encoding file
\inpenc@prehook=\toks14
\inpenc@posthook=\toks15

(D:\bin\MiKTeX\tex\latex\ucs\utf8x.def
File: utf8x.def 2004/10/17 UCS: Input encoding UTF-8
)) (D:\bin\MiKTeX\tex\latex\ucs\ucs.sty
Package: ucs 2004/10/17 UCS: Unicode input support

(D:\bin\MiKTeX\tex\latex\ucs\data\uni-global.def
File: uni-global.def 2012/08/28 UCS: Unicode global data
)
\uc@secondtry=\count87
\uc@combtoks=\toks16
\uc@combtoksb=\toks17
\uc@temptokena=\toks18
)
(D:\bin\MiKTeX\tex\generic\babel\babel.sty
Package: babel 2008/07/08 v3.8m The Babel package

*************************************
* Local config file bblopts.cfg used
*
(D:\bin\MiKTeX\tex\latex\00miktex\bblopts.cfg
File: bblopts.cfg 2006/07/31 v1.0 MiKTeX 'babel' configuration
)
(D:\bin\MiKTeX\tex\generic\babel\english.ldf
Language: english 2005/03/30 v3.3o English support from the babel system

(D:\bin\MiKTeX\tex\generic\babel\babel.def
File: babel.def 2008/07/08 v3.8m Babel common definitions
\babel@savecnt=\count88
\U@D=\dimen103
)
\l@canadian = a dialect from \language\l@american 
\l@australian = a dialect from \language\l@british 
\l@newzealand = a dialect from \language\l@british 
)
(D:\bin\MiKTeX\tex\generic\babel\russianb.ldf
Language: russianb 2008/03/21 v1.1r Russian support from the babel system

(D:\bin\MiKTeX\tex\latex\cyrillic\t2aenc.def
File: t2aenc.def 2005/09/27 v1.0i Cyrillic encoding definition file
)
Package babel Info: Making " an active character on input line 199.
)
(D:\bin\MiKTeX\tex\generic\babel\ukraineb.ldf
Language: ukraineb 2008/03/21 v1.1l Ukrainian support from the babel system
LaTeX Info: Redefining \English on input line 102.
LaTeX Info: Redefining \textcyrillic on input line 138.
LaTeX Info: Redefining \No on input line 299.
))
(D:\bin\MiKTeX\tex\latex\cmap\cmap.sty
Package: cmap 2008/03/06 v1.0h CMap support: searchable PDF
)
(D:\bin\MiKTeX\tex\latex\graphics\graphicx.sty
Package: graphicx 1999/02/16 v1.0f Enhanced LaTeX Graphics (DPC,SPQR)

(D:\bin\MiKTeX\tex\latex\graphics\keyval.sty
Package: keyval 1999/03/16 v1.13 key=value parser (DPC)
\KV@toks@=\toks19
)
(D:\bin\MiKTeX\tex\latex\graphics\graphics.sty
Package: graphics 2009/02/05 v1.0o Standard LaTeX Graphics (DPC,SPQR)

(D:\bin\MiKTeX\tex\latex\graphics\trig.sty
Package: trig 1999/03/16 v1.09 sin cos tan (DPC)
)
(D:\bin\MiKTeX\tex\latex\00miktex\graphics.cfg
File: graphics.cfg 2007/01/18 v1.5 graphics configuration of teTeX/TeXLive
)
Package graphics Info: Driver file: pdftex.def on input line 91.

(D:\bin\MiKTeX\tex\latex\pdftex-def\pdftex.def
File: pdftex.def 2011/05/27 v0.06d Graphics/color for pdfTeX

(D:\bin\MiKTeX\tex\generic\oberdiek\infwarerr.sty
Package: infwarerr 2010/04/08 v1.3 Providing info/warning/error messages (HO)
)
(D:\bin\MiKTeX\tex\generic\oberdiek\ltxcmds.sty
Package: ltxcmds 2011/11/09 v1.22 LaTeX kernel commands for general use (HO)
)
\Gread@gobject=\count89
))
\Gin@req@height=\dimen104
\Gin@req@width=\dimen105
)
(D:\bin\MiKTeX\tex\latex\float\float.sty
Package: float 2001/11/08 v1.3d Float enhancements (AL)
\c@float@type=\count90
\float@exts=\toks20
\float@box=\box26
\@float@everytoks=\toks21
\@floatcapt=\box27
)
(D:\bin\MiKTeX\tex\latex\ams\math\amsmath.sty
Package: amsmath 2000/07/18 v2.13 AMS math features
\@mathmargin=\skip43

For additional information on amsmath, use the `?' option.
(D:\bin\MiKTeX\tex\latex\ams\math\amstext.sty
Package: amstext 2000/06/29 v2.01

(D:\bin\MiKTeX\tex\latex\ams\math\amsgen.sty
File: amsgen.sty 1999/11/30 v2.0
\@emptytoks=\toks22
\ex@=\dimen106
))
(D:\bin\MiKTeX\tex\latex\ams\math\amsbsy.sty
Package: amsbsy 1999/11/29 v1.2d
\pmbraise@=\dimen107
)
(D:\bin\MiKTeX\tex\latex\ams\math\amsopn.sty
Package: amsopn 1999/12/14 v2.01 operator names
)
\inf@bad=\count91
LaTeX Info: Redefining \frac on input line 211.
\uproot@=\count92
\leftroot@=\count93
LaTeX Info: Redefining \overline on input line 307.
\classnum@=\count94
\DOTSCASE@=\count95
LaTeX Info: Redefining \ldots on input line 379.
LaTeX Info: Redefining \dots on input line 382.
LaTeX Info: Redefining \cdots on input line 467.
\Mathstrutbox@=\box28
\strutbox@=\box29
\big@size=\dimen108
LaTeX Font Info:    Redeclaring font encoding OML on input line 567.
LaTeX Font Info:    Redeclaring font encoding OMS on input line 568.
\macc@depth=\count96
\c@MaxMatrixCols=\count97
\dotsspace@=\muskip10
\c@parentequation=\count98
\dspbrk@lvl=\count99
\tag@help=\toks23
\row@=\count100
\column@=\count101
\maxfields@=\count102
\andhelp@=\toks24
\eqnshift@=\dimen109
\alignsep@=\dimen110
\tagshift@=\dimen111
\tagwidth@=\dimen112
\totwidth@=\dimen113
\lineht@=\dimen114
\@envbody=\toks25
\multlinegap=\skip44
\multlinetaggap=\skip45
\mathdisplay@stack=\toks26
LaTeX Info: Redefining \[ on input line 2666.
LaTeX Info: Redefining \] on input line 2667.
)
(D:\bin\MiKTeX\tex\latex\listings\listings.sty
\lst@mode=\count103
\lst@gtempboxa=\box30
\lst@token=\toks27
\lst@length=\count104
\lst@currlwidth=\dimen115
\lst@column=\count105
\lst@pos=\count106
\lst@lostspace=\dimen116
\lst@width=\dimen117
\lst@newlines=\count107
\lst@lineno=\count108
\lst@maxwidth=\dimen118

(D:\bin\MiKTeX\tex\latex\listings\lstmisc.sty
File: lstmisc.sty 2007/02/22 1.4 (Carsten Heinz)
\c@lstnumber=\count109
\lst@skipnumbers=\count110
\lst@framebox=\box31
)
(D:\bin\MiKTeX\tex\latex\listings\listings.cfg
File: listings.cfg 2007/02/22 1.4 listings configuration
))
Package: listings 2007/02/22 1.4 (Carsten Heinz)

(D:\bin\MiKTeX\tex\latex\geometry\geometry.sty
Package: geometry 2010/09/12 v5.6 Page Geometry

(D:\bin\MiKTeX\tex\generic\oberdiek\ifpdf.sty
Package: ifpdf 2011/01/30 v2.3 Provides the ifpdf switch (HO)
Package ifpdf Info: pdfTeX in PDF mode is detected.
)
(D:\bin\MiKTeX\tex\generic\oberdiek\ifvtex.sty
Package: ifvtex 2010/03/01 v1.5 Detect VTeX and its facilities (HO)
Package ifvtex Info: VTeX not detected.
)
(D:\bin\MiKTeX\tex\generic\ifxetex\ifxetex.sty
Package: ifxetex 2010/09/12 v0.6 Provides ifxetex conditional
)
\Gm@cnth=\count111
\Gm@cntv=\count112
\c@Gm@tempcnt=\count113
\Gm@bindingoffset=\dimen119
\Gm@wd@mp=\dimen120
\Gm@odd@mp=\dimen121
\Gm@even@mp=\dimen122
\Gm@layoutwidth=\dimen123
\Gm@layoutheight=\dimen124
\Gm@layouthoffset=\dimen125
\Gm@layoutvoffset=\dimen126
\Gm@dimlist=\toks28

(D:\bin\MiKTeX\tex\latex\geometry\geometry.cfg))
(D:\other\kpi\Modelling\Lab2\lab2.aux
LaTeX Font Info:    Try loading font information for T2A+cmr on input line 3.

(D:\bin\MiKTeX\tex\latex\cyrillic\t2acmr.fd
File: t2acmr.fd 2001/08/11 v1.0a Computer Modern Cyrillic font definitions
)<<t2a.cmap>>)
LaTeX Font Info:    Checking defaults for OML/cmm/m/it on input line 18.
LaTeX Font Info:    ... okay on input line 18.
LaTeX Font Info:    Checking defaults for T1/cmr/m/n on input line 18.
LaTeX Font Info:    ... okay on input line 18.
LaTeX Font Info:    Checking defaults for OT1/cmr/m/n on input line 18.
LaTeX Font Info:    ... okay on input line 18.
LaTeX Font Info:    Checking defaults for OMS/cmsy/m/n on input line 18.
LaTeX Font Info:    ... okay on input line 18.
LaTeX Font Info:    Checking defaults for OMX/cmex/m/n on input line 18.
LaTeX Font Info:    ... okay on input line 18.
LaTeX Font Info:    Checking defaults for U/cmr/m/n on input line 18.
LaTeX Font Info:    ... okay on input line 18.
LaTeX Font Info:    Checking defaults for T2A/cmr/m/n on input line 18.
LaTeX Font Info:    ... okay on input line 18.

(D:\bin\MiKTeX\tex\latex\ucs\ucsencs.def
File: ucsencs.def 2011/01/21 Fixes to fontencodings LGR, T3
)
(D:\bin\MiKTeX\tex\context\base\supp-pdf.mkii
[Loading MPS to PDF converter (version 2006.09.02).]
\scratchcounter=\count114
\scratchdimen=\dimen127
\scratchbox=\box32
\nofMPsegments=\count115
\nofMParguments=\count116
\everyMPshowfont=\toks29
\MPscratchCnt=\count117
\MPscratchDim=\dimen128
\MPnumerator=\count118
\makeMPintoPDFobject=\count119
\everyMPtoPDFconversion=\toks30
)
\c@lstlisting=\count120

*geometry* driver: auto-detecting
*geometry* detected driver: pdftex
*geometry* verbose mode - [ preamble ] result:
* driver: pdftex
* paper: a4paper
* layout: <same size as paper>
* layoutoffset:(h,v)=(0.0pt,0.0pt)
* modes: 
* h-part:(L,W,R)=(85.35826pt, 469.47049pt, 42.67912pt)
* v-part:(T,H,B)=(56.9055pt, 731.23584pt, 56.9055pt)
* \paperwidth=597.50787pt
* \paperheight=845.04684pt
* \textwidth=469.47049pt
* \textheight=731.23584pt
* \oddsidemargin=13.08827pt
* \evensidemargin=13.08827pt
* \topmargin=-52.36449pt
* \headheight=12.0pt
* \headsep=25.0pt
* \topskip=10.0pt
* \footskip=30.0pt
* \marginparwidth=57.0pt
* \marginparsep=11.0pt
* \columnsep=10.0pt
* \skip\footins=9.0pt plus 4.0pt minus 2.0pt
* \hoffset=0.0pt
* \voffset=0.0pt
* \mag=1000
* \@twocolumnfalse
* \@twosidefalse
* \@mparswitchfalse
* \@reversemarginfalse
* (1in=72.27pt=25.4mm, 1cm=28.453pt)

(D:\bin\MiKTeX\tex\latex\ucs\data\uni-4.def
File: uni-4.def 2012/08/28 UCS: Unicode data U+0400..U+04FF
)
(D:\bin\MiKTeX\tex\latex\ucs\data\uni-32.def
File: uni-32.def 2012/08/28 UCS: Unicode data U+2000..U+20FF
)
(D:\bin\MiKTeX\tex\latex\ucs\data\uni-33.def
File: uni-33.def 2012/08/28 UCS: Unicode data U+2100..U+21FF
)<<ot1.cmap>><<oml.cmap>><<oms.cmap>><<omx.cmap>> [1

{C:/ProgramData/MiKTeX/2.9/pdftex/config/pdftex.map}]
<1_sin_model.png, id=13, 355.3275pt x 218.31563pt>
File: 1_sin_model.png Graphic file (type png)
 <use 1_sin_model.png>
Package pdftex.def Info: 1_sin_model.png used on input line 113.
(pdftex.def)             Requested size: 355.32661pt x 218.31508pt.

<1_sin.png, id=14, 280.04625pt x 231.86626pt>
File: 1_sin.png Graphic file (type png)
 <use 1_sin.png>
Package pdftex.def Info: 1_sin.png used on input line 120.
(pdftex.def)             Requested size: 280.04555pt x 231.86568pt.
 [1 <D:/other/kpi/Modelling/Lab2/1_sin_model.png>]
LaTeX Font Info:    Try loading font information for OMS+cmr on input line 129.

 (D:\bin\MiKTeX\tex\latex\base\omscmr.fd
File: omscmr.fd 1999/05/25 v2.5h Standard LaTeX font definitions
)
LaTeX Font Info:    Font shape `OMS/cmr/m/n' in size <10> not available
(Font)              Font shape `OMS/cmsy/m/n' tried instead on input line 129.

<1_sin_check.png, id=28, 427.5975pt x 372.64218pt>
File: 1_sin_check.png Graphic file (type png)
 <use 1_sin_check.png>
Package pdftex.def Info: 1_sin_check.png used on input line 141.
(pdftex.def)             Requested size: 427.59645pt x 372.64127pt.

[2 <D:/other/kpi/Modelling/Lab2/1_sin.png>]
LaTeX Font Info:    Try loading font information for T2A+cmtt on input line 154
.

(D:\bin\MiKTeX\tex\latex\cyrillic\t2acmtt.fd
File: t2acmtt.fd 2001/08/11 v1.0a Computer Modern Cyrillic font definitions
)
<1_ode45_sin.png, id=32, 427.5975pt x 352.31625pt>
File: 1_ode45_sin.png Graphic file (type png)
 <use 1_ode45_sin.png>
Package pdftex.def Info: 1_ode45_sin.png used on input line 158.
(pdftex.def)             Requested size: 427.59645pt x 352.31538pt.

[3 <D:/other/kpi/Modelling/Lab2/1_sin_check.png>]
<lab2_1.png, id=37, 684.30656pt x 362.85562pt>
File: lab2_1.png Graphic file (type png)
 <use lab2_1.png>
Package pdftex.def Info: lab2_1.png used on input line 168.
(pdftex.def)             Requested size: 684.30489pt x 362.85474pt.
 [4 <D:/other/kpi/Modelling/Lab2/1_ode45_sin.png>]
<lab2_1_sol.png, id=41, 499.11469pt x 220.57407pt>
File: lab2_1_sol.png Graphic file (type png)
 <use lab2_1_sol.png>
Package pdftex.def Info: lab2_1_sol.png used on input line 175.
(pdftex.def)             Requested size: 499.11345pt x 220.57352pt.

Overfull \hbox (29.64296pt too wide) in paragraph at lines 175--176
 [] 
 []

[5 <D:/other/kpi/Modelling/Lab2/lab2_1.png>]
<lab2_1_ode45.png, id=45, 249.18094pt x 220.57407pt>
File: lab2_1_ode45.png Graphic file (type png)
 <use lab2_1_ode45.png>
Package pdftex.def Info: lab2_1_ode45.png used on input line 196.
(pdftex.def)             Requested size: 249.18031pt x 220.57352pt.

<lab2_2.png, id=46, 286.82156pt x 146.04562pt>
File: lab2_2.png Graphic file (type png)
 <use lab2_2.png>
Package pdftex.def Info: lab2_2.png used on input line 204.
(pdftex.def)             Requested size: 286.82085pt x 146.04524pt.
 [6 <D:/other/kpi/Modelling/Lab2/lab2_1_sol.png> <D:/other/kpi/Modelling/Lab2/l
ab2_1_ode45.png>] <lab2_2_sol.png, id=52, 499.8675pt x 221.32687pt>
File: lab2_2_sol.png Graphic file (type png)
 <use lab2_2_sol.png>
Package pdftex.def Info: lab2_2_sol.png used on input line 211.
(pdftex.def)             Requested size: 499.86627pt x 221.32631pt.

Overfull \hbox (30.39578pt too wide) in paragraph at lines 211--212
 [] 
 []

<lab2_2_ode45.png, id=53, 250.68657pt x 221.32687pt>
File: lab2_2_ode45.png Graphic file (type png)
 <use lab2_2_ode45.png>
Package pdftex.def Info: lab2_2_ode45.png used on input line 232.
(pdftex.def)             Requested size: 250.68594pt x 221.32631pt.

[7 <D:/other/kpi/Modelling/Lab2/lab2_2.png> <D:/other/kpi/Modelling/Lab2/lab2_2
_sol.png>] <lab2_3.png, id=58, 330.48468pt x 268.00125pt>
File: lab2_3.png Graphic file (type png)
 <use lab2_3.png>
Package pdftex.def Info: lab2_3.png used on input line 240.
(pdftex.def)             Requested size: 330.48387pt x 268.00058pt.

<lab2_3_sol.png, id=59, 499.8675pt x 221.32687pt>
File: lab2_3_sol.png Graphic file (type png)
 <use lab2_3_sol.png>
Package pdftex.def Info: lab2_3_sol.png used on input line 247.
(pdftex.def)             Requested size: 499.86627pt x 221.32631pt.

Overfull \hbox (30.39578pt too wide) in paragraph at lines 247--248
 [] 
 []

[8 <D:/other/kpi/Modelling/Lab2/lab2_2_ode45.png> <D:/other/kpi/Modelling/Lab2/
lab2_3.png>] <lab2_3_ode45.png, id=63, 250.68657pt x 221.32687pt>
File: lab2_3_ode45.png Graphic file (type png)

<use lab2_3_ode45.png>
Package pdftex.def Info: lab2_3_ode45.png used on input line 268.
(pdftex.def)             Requested size: 250.68594pt x 221.32631pt.
 <lab2_4.png, id=64, 402.75468pt x 208.52907pt>
File: lab2_4.png Graphic file (type png)

<use lab2_4.png>
Package pdftex.def Info: lab2_4.png used on input line 276.
(pdftex.def)             Requested size: 402.7537pt x 208.52855pt.
 [9 <D:/other/kpi/Modelling/Lab2/lab2_3_sol.png> <D:/other/kpi/Modelling/Lab2/l
ab2_3_ode45.png>]
<lab2_4_sol.png, id=68, 499.8675pt x 222.8325pt>
File: lab2_4_sol.png Graphic file (type png)
 <use lab2_4_sol.png>
Package pdftex.def Info: lab2_4_sol.png used on input line 283.
(pdftex.def)             Requested size: 499.86627pt x 222.83195pt.

Overfull \hbox (30.39578pt too wide) in paragraph at lines 283--284
 [] 
 []

<lab2_4_ode45.png, id=69, 249.93375pt x 222.8325pt>
File: lab2_4_ode45.png Graphic file (type png)
 <use lab2_4_ode45.png>
Package pdftex.def Info: lab2_4_ode45.png used on input line 304.
(pdftex.def)             Requested size: 249.93314pt x 222.83195pt.

[10 <D:/other/kpi/Modelling/Lab2/lab2_4.png> <D:/other/kpi/Modelling/Lab2/lab2_
4_sol.png>] <lab2_5.png, id=73, 391.4625pt x 119.69719pt>
File: lab2_5.png Graphic file (type png)
 <use lab2_5.png>
Package pdftex.def Info: lab2_5.png used on input line 312.
(pdftex.def)             Requested size: 391.46153pt x 119.69688pt.

<lab2_5_sol.png, id=74, 249.93375pt x 220.57407pt>
File: lab2_5_sol.png Graphic file (type png)
 <use lab2_5_sol.png>
Package pdftex.def Info: lab2_5_sol.png used on input line 319.
(pdftex.def)             Requested size: 249.93314pt x 220.57352pt.

[11 <D:/other/kpi/Modelling/Lab2/lab2_4_ode45.png> <D:/other/kpi/Modelling/Lab2
/lab2_5.png> <D:/other/kpi/Modelling/Lab2/lab2_5_sol.png>]
<lab2_5_ode45.png, id=78, 249.93375pt x 220.57407pt>
File: lab2_5_ode45.png Graphic file (type png)
 <use lab2_5_ode45.png>
Package pdftex.def Info: lab2_5_ode45.png used on input line 340.
(pdftex.def)             Requested size: 249.93314pt x 220.57352pt.

[12 <D:/other/kpi/Modelling/Lab2/lab2_5_ode45.png>]
(D:\other\kpi\Modelling\Lab2\lab2.aux) ) 
Here is how much of TeX's memory you used:
 6372 strings out of 494045
 80217 string characters out of 3154024
 141919 words of memory out of 3000000
 9545 multiletter control sequences out of 15000+200000
 10057 words of font info for 24 fonts, out of 3000000 for 9000
 715 hyphenation exceptions out of 8191
 27i,10n,32p,920b,1700s stack positions out of 5000i,500n,10000p,200000b,50000s
 <C:\Users\Aquirel\AppData\Local\MiKTeX
\2.9\fonts\pk\ljfour\lh\lh-t2a\dpi600\latt1000.pk> <C:\Users\Aquirel\AppData\Lo
cal\MiKTeX\2.9\fonts\pk\ljfour\lh\lh-t2a\dpi600\labx1440.pk> <C:\Users\Aquirel\
AppData\Local\MiKTeX\2.9\fonts\pk\ljfour\lh\lh-t2a\dpi600\larm1000.pk> <C:\User
s\Aquirel\AppData\Local\MiKTeX\2.9\fonts\pk\ljfour\lh\lh-t2a\dpi600\labx1200.pk
> <C:\Users\Aquirel\AppData\Local\MiKTeX\2.9\fonts\pk\ljfour\unknown\unknown\dp
i600\larm1200.pk><D:/bin/MiKTeX/fonts/type1/public/amsfonts/cm/cmex10.pfb><D:/b
in/MiKTeX/fonts/type1/public/amsfonts/cm/cmmi10.pfb><D:/bin/MiKTeX/fonts/type1/
public/amsfonts/cm/cmmi7.pfb><D:/bin/MiKTeX/fonts/type1/public/amsfonts/cm/cmr1
0.pfb><D:/bin/MiKTeX/fonts/type1/public/amsfonts/cm/cmr5.pfb><D:/bin/MiKTeX/fon
ts/type1/public/amsfonts/cm/cmr7.pfb><D:/bin/MiKTeX/fonts/type1/public/amsfonts
/cm/cmsy10.pfb><D:/bin/MiKTeX/fonts/type1/public/amsfonts/cm/cmsy5.pfb><D:/bin/
MiKTeX/fonts/type1/public/amsfonts/cm/cmsy7.pfb>
Output written on lab2.pdf (13 pages, 274642 bytes).
PDF statistics:
 337 PDF objects out of 1000 (max. 8388607)
 0 named destinations out of 1000 (max. 500000)
 116 words of extra memory for PDF output out of 10000 (max. 10000000)

