c:\users\work\desktop\lab4\lab4\debug\vc120.pdb
c:\users\work\desktop\lab4\lab4\debug\vc120.idb
c:\users\work\desktop\lab4\lab4\debug\lab_4_func.obj
c:\users\work\desktop\lab4\lab4\debug\testdrive.obj
c:\users\work\desktop\lab4\lab4\debug\listnodefunc.obj
c:\users\work\desktop\lab4\debug\lab4.pdb
c:\users\work\desktop\lab4\lab4\debug\lab4.tlog\cl.command.1.tlog
c:\users\work\desktop\lab4\lab4\debug\lab4.tlog\cl.read.1.tlog
c:\users\work\desktop\lab4\lab4\debug\lab4.tlog\cl.write.1.tlog
c:\users\work\desktop\lab4\lab4\debug\lab4.tlog\link-cvtres.read.1.tlog
c:\users\work\desktop\lab4\lab4\debug\lab4.tlog\link-cvtres.write.1.tlog
c:\users\work\desktop\lab4\lab4\debug\lab4.tlog\link-rc.read.1.tlog
c:\users\work\desktop\lab4\lab4\debug\lab4.tlog\link-rc.write.1.tlog
c:\users\work\desktop\lab4\lab4\debug\lab4.tlog\link.1676-cvtres.read.1.tlog
c:\users\work\desktop\lab4\lab4\debug\lab4.tlog\link.1676-cvtres.write.1.tlog
c:\users\work\desktop\lab4\lab4\debug\lab4.tlog\link.1676-rc.read.1.tlog
c:\users\work\desktop\lab4\lab4\debug\lab4.tlog\link.1676-rc.write.1.tlog
c:\users\work\desktop\lab4\lab4\debug\lab4.tlog\link.1676.read.1.tlog
c:\users\work\desktop\lab4\lab4\debug\lab4.tlog\link.1676.write.1.tlog
c:\users\work\desktop\lab4\lab4\debug\lab4.tlog\link.command.1.tlog
c:\users\work\desktop\lab4\lab4\debug\lab4.tlog\link.read.1.tlog
c:\users\work\desktop\lab4\lab4\debug\lab4.tlog\link.write.1.tlog
